<?xml version="1.0" encoding="UTF-8"?>
<sv:node sv:name="jcr:root" xmlns:jcr="http://www.jcp.org/jcr/1.0" xmlns:mix="http://www.jcp.org/jcr/mix/1.0" xmlns:rep="internal" xmlns:test="http://www.apache.org/jackrabbit/test" xmlns:nt="http://www.jcp.org/jcr/nt/1.0" xmlns:xs="http://www.w3.org/2001/XMLSchema" xmlns:fn="http://www.w3.org/2004/10/xpath-functions" xmlns:sv="http://www.jcp.org/jcr/sv/1.0" xmlns=""><sv:property sv:name="jcr:primaryType" sv:type="Name"><sv:value>rep:root</sv:value></sv:property><sv:node sv:name="jcr:system"><sv:property sv:name="jcr:primaryType" sv:type="Name"><sv:value>rep:system</sv:value></sv:property><sv:node sv:name="jcr:versionStorage"><sv:property sv:name="jcr:primaryType" sv:type="Name"><sv:value>rep:versionStorage</sv:value></sv:property><sv:property sv:name="jcr:mixinTypes" sv:type="Name"/></sv:node><sv:node sv:name="jcr:nodeTypes"><sv:property sv:name="jcr:primaryType" sv:type="Name"><sv:value>rep:nodeTypes</sv:value></sv:property><sv:node sv:name="nt:versionLabels"><sv:property sv:name="jcr:primaryType" sv:type="Name"><sv:value>nt:nodeType</sv:value></sv:property><sv:property sv:name="jcr:mixinTypes" sv:type="Name"/><sv:property sv:name="jcr:nodeTypeName" sv:type="Name"><sv:value>nt:versionLabels</sv:value></sv:property><sv:property sv:name="jcr:supertypes" sv:type="Name"><sv:value>nt:base</sv:value></sv:property><sv:property sv:name="jcr:isMixin" sv:type="Boolean"><sv:value>false</sv:value></sv:property><sv:property sv:name="jcr:hasOrderableChildNodes" sv:type="Boolean"><sv:value>false</sv:value></sv:property><sv:node sv:name="jcr:propertyDefinition"><sv:property sv:name="jcr:primaryType" sv:type="Name"><sv:value>nt:propertyDefinition</sv:value></sv:property><sv:property sv:name="jcr:mixinTypes" sv:type="Name"/><sv:property sv:name="jcr:autoCreated" sv:type="Boolean"><sv:value>false</sv:value></sv:property><sv:property sv:name="jcr:mandatory" sv:type="Boolean"><sv:value>false</sv:value></sv:property><sv:property sv:name="jcr:onParentVersion" sv:type="String"><sv:value>ABORT</sv:value></sv:property><sv:property sv:name="jcr:protected" sv:type="Boolean"><sv:value>true</sv:value></sv:property><sv:property sv:name="jcr:multiple" sv:type="Boolean"><sv:value>false</sv:value></sv:property><sv:property sv:name="jcr:requiredType" sv:type="String"><sv:value>Reference</sv:value></sv:property><sv:property sv:name="jcr:defaultValues" sv:type="String"/><sv:property sv:name="jcr:valueConstraints" sv:type="String"><sv:value>nt:version</sv:value></sv:property></sv:node></sv:node><sv:node sv:name="mix:versionable"><sv:property sv:name="jcr:primaryType" sv:type="Name"><sv:value>nt:nodeType</sv:value></sv:property><sv:property sv:name="jcr:mixinTypes" sv:type="Name"/><sv:property sv:name="jcr:nodeTypeName" sv:type="Name"><sv:value>mix:versionable</sv:value></sv:property><sv:property sv:name="jcr:supertypes" sv:type="Name"><sv:value>mix:referenceable</sv:value></sv:property><sv:property sv:name="jcr:isMixin" sv:type="Boolean"><sv:value>true</sv:value></sv:property><sv:property sv:name="jcr:hasOrderableChildNodes" sv:type="Boolean"><sv:value>false</sv:value></sv:property><sv:node sv:name="jcr:propertyDefinition"><sv:property sv:name="jcr:primaryType" sv:type="Name"><sv:value>nt:propertyDefinition</sv:value></sv:property><sv:property sv:name="jcr:mixinTypes" sv:type="Name"/><sv:property sv:name="jcr:name" sv:type="Name"><sv:value>jcr:versionHistory</sv:value></sv:property><sv:property sv:name="jcr:autoCreated" sv:type="Boolean"><sv:value>false</sv:value></sv:property><sv:property sv:name="jcr:mandatory" sv:type="Boolean"><sv:value>true</sv:value></sv:property><sv:property sv:name="jcr:onParentVersion" sv:type="String"><sv:value>COPY</sv:value></sv:property><sv:property sv:name="jcr:protected" sv:type="Boolean"><sv:value>true</sv:value></sv:property><sv:property sv:name="jcr:multiple" sv:type="Boolean"><sv:value>false</sv:value></sv:property><sv:property sv:name="jcr:requiredType" sv:type="String"><sv:value>Reference</sv:value></sv:property><sv:property sv:name="jcr:defaultValues" sv:type="String"/><sv:property sv:name="jcr:valueConstraints" sv:type="String"><sv:value>nt:versionHistory</sv:value></sv:property></sv:node><sv:node sv:name="jcr:propertyDefinition"><sv:property sv:name="jcr:primaryType" sv:type="Name"><sv:value>nt:propertyDefinition</sv:value></sv:property><sv:property sv:name="jcr:mixinTypes" sv:type="Name"/><sv:property sv:name="jcr:name" sv:type="Name"><sv:value>jcr:baseVersion</sv:value></sv:property><sv:property sv:name="jcr:autoCreated" sv:type="Boolean"><sv:value>false</sv:value></sv:property><sv:property sv:name="jcr:mandatory" sv:type="Boolean"><sv:value>true</sv:value></sv:property><sv:property sv:name="jcr:onParentVersion" sv:type="String"><sv:value>IGNORE</sv:value></sv:property><sv:property sv:name="jcr:protected" sv:type="Boolean"><sv:value>true</sv:value></sv:property><sv:property sv:name="jcr:multiple" sv:type="Boolean"><sv:value>false</sv:value></sv:property><sv:property sv:name="jcr:requiredType" sv:type="String"><sv:value>Reference</sv:value></sv:property><sv:property sv:name="jcr:defaultValues" sv:type="String"/><sv:property sv:name="jcr:valueConstraints" sv:type="String"><sv:value>nt:version</sv:value></sv:property></sv:node><sv:node sv:name="jcr:propertyDefinition"><sv:property sv:name="jcr:primaryType" sv:type="Name"><sv:value>nt:propertyDefinition</sv:value></sv:property><sv:property sv:name="jcr:mixinTypes" sv:type="Name"/><sv:property sv:name="jcr:name" sv:type="Name"><sv:value>jcr:isCheckedOut</sv:value></sv:property><sv:property sv:name="jcr:autoCreated" sv:type="Boolean"><sv:value>true</sv:value></sv:property><sv:property sv:name="jcr:mandatory" sv:type="Boolean"><sv:value>true</sv:value></sv:property><sv:property sv:name="jcr:onParentVersion" sv:type="String"><sv:value>IGNORE</sv:value></sv:property><sv:property sv:name="jcr:protected" sv:type="Boolean"><sv:value>true</sv:value></sv:property><sv:property sv:name="jcr:multiple" sv:type="Boolean"><sv:value>false</sv:value></sv:property><sv:property sv:name="jcr:requiredType" sv:type="String"><sv:value>Boolean</sv:value></sv:property><sv:property sv:name="jcr:defaultValues" sv:type="String"><sv:value>true</sv:value></sv:property><sv:property sv:name="jcr:valueConstraints" sv:type="String"/></sv:node><sv:node sv:name="jcr:propertyDefinition"><sv:property sv:name="jcr:primaryType" sv:type="Name"><sv:value>nt:propertyDefinition</sv:value></sv:property><sv:property sv:name="jcr:mixinTypes" sv:type="Name"/><sv:property sv:name="jcr:name" sv:type="Name"><sv:value>jcr:predecessors</sv:value></sv:property><sv:property sv:name="jcr:autoCreated" sv:type="Boolean"><sv:value>false</sv:value></sv:property><sv:property sv:name="jcr:mandatory" sv:type="Boolean"><sv:value>true</sv:value></sv:property><sv:property sv:name="jcr:onParentVersion" sv:type="String"><sv:value>COPY</sv:value></sv:property><sv:property sv:name="jcr:protected" sv:type="Boolean"><sv:value>true</sv:value></sv:property><sv:property sv:name="jcr:multiple" sv:type="Boolean"><sv:value>true</sv:value></sv:property><sv:property sv:name="jcr:requiredType" sv:type="String"><sv:value>Reference</sv:value></sv:property><sv:property sv:name="jcr:defaultValues" sv:type="String"/><sv:property sv:name="jcr:valueConstraints" sv:type="String"><sv:value>nt:version</sv:value></sv:property></sv:node><sv:node sv:name="jcr:propertyDefinition"><sv:property sv:name="jcr:primaryType" sv:type="Name"><sv:value>nt:propertyDefinition</sv:value></sv:property><sv:property sv:name="jcr:mixinTypes" sv:type="Name"/><sv:property sv:name="jcr:name" sv:type="Name"><sv:value>jcr:mergeFailed</sv:value></sv:property><sv:property sv:name="jcr:autoCreated" sv:type="Boolean"><sv:value>false</sv:value></sv:property><sv:property sv:name="jcr:mandatory" sv:type="Boolean"><sv:value>false</sv:value></sv:property><sv:property sv:name="jcr:onParentVersion" sv:type="String"><sv:value>ABORT</sv:value></sv:property><sv:property sv:name="jcr:protected" sv:type="Boolean"><sv:value>true</sv:value></sv:property><sv:property sv:name="jcr:multiple" sv:type="Boolean"><sv:value>true</sv:value></sv:property><sv:property sv:name="jcr:requiredType" sv:type="String"><sv:value>Reference</sv:value></sv:property><sv:property sv:name="jcr:defaultValues" sv:type="String"/><sv:property sv:name="jcr:valueConstraints" sv:type="String"/></sv:node></sv:node><sv:node sv:name="nt:hierarchyNode"><sv:property sv:name="jcr:primaryType" sv:type="Name"><sv:value>nt:nodeType</sv:value></sv:property><sv:property sv:name="jcr:mixinTypes" sv:type="Name"/><sv:property sv:name="jcr:nodeTypeName" sv:type="Name"><sv:value>nt:hierarchyNode</sv:value></sv:property><sv:property sv:name="jcr:supertypes" sv:type="Name"><sv:value>nt:base</sv:value></sv:property><sv:property sv:name="jcr:isMixin" sv:type="Boolean"><sv:value>false</sv:value></sv:property><sv:property sv:name="jcr:hasOrderableChildNodes" sv:type="Boolean"><sv:value>false</sv:value></sv:property><sv:node sv:name="jcr:propertyDefinition"><sv:property sv:name="jcr:primaryType" sv:type="Name"><sv:value>nt:propertyDefinition</sv:value></sv:property><sv:property sv:name="jcr:mixinTypes" sv:type="Name"/><sv:property sv:name="jcr:name" sv:type="Name"><sv:value>jcr:created</sv:value></sv:property><sv:property sv:name="jcr:autoCreated" sv:type="Boolean"><sv:value>true</sv:value></sv:property><sv:property sv:name="jcr:mandatory" sv:type="Boolean"><sv:value>true</sv:value></sv:property><sv:property sv:name="jcr:onParentVersion" sv:type="String"><sv:value>INITIALIZE</sv:value></sv:property><sv:property sv:name="jcr:protected" sv:type="Boolean"><sv:value>true</sv:value></sv:property><sv:property sv:name="jcr:multiple" sv:type="Boolean"><sv:value>false</sv:value></sv:property><sv:property sv:name="jcr:requiredType" sv:type="String"><sv:value>Date</sv:value></sv:property><sv:property sv:name="jcr:defaultValues" sv:type="String"/><sv:property sv:name="jcr:valueConstraints" sv:type="String"/></sv:node></sv:node><sv:node sv:name="nt:resource"><sv:property sv:name="jcr:primaryType" sv:type="Name"><sv:value>nt:nodeType</sv:value></sv:property><sv:property sv:name="jcr:mixinTypes" sv:type="Name"/><sv:property sv:name="jcr:nodeTypeName" sv:type="Name"><sv:value>nt:resource</sv:value></sv:property><sv:property sv:name="jcr:supertypes" sv:type="Name"><sv:value>nt:base</sv:value><sv:value>mix:referenceable</sv:value></sv:property><sv:property sv:name="jcr:isMixin" sv:type="Boolean"><sv:value>false</sv:value></sv:property><sv:property sv:name="jcr:hasOrderableChildNodes" sv:type="Boolean"><sv:value>false</sv:value></sv:property><sv:property sv:name="jcr:primaryItemName" sv:type="Name"><sv:value>jcr:data</sv:value></sv:property><sv:node sv:name="jcr:propertyDefinition"><sv:property sv:name="jcr:primaryType" sv:type="Name"><sv:value>nt:propertyDefinition</sv:value></sv:property><sv:property sv:name="jcr:mixinTypes" sv:type="Name"/><sv:property sv:name="jcr:name" sv:type="Name"><sv:value>jcr:encoding</sv:value></sv:property><sv:property sv:name="jcr:autoCreated" sv:type="Boolean"><sv:value>false</sv:value></sv:property><sv:property sv:name="jcr:mandatory" sv:type="Boolean"><sv:value>false</sv:value></sv:property><sv:property sv:name="jcr:onParentVersion" sv:type="String"><sv:value>COPY</sv:value></sv:property><sv:property sv:name="jcr:protected" sv:type="Boolean"><sv:value>false</sv:value></sv:property><sv:property sv:name="jcr:multiple" sv:type="Boolean"><sv:value>false</sv:value></sv:property><sv:property sv:name="jcr:requiredType" sv:type="String"><sv:value>String</sv:value></sv:property><sv:property sv:name="jcr:defaultValues" sv:type="String"/><sv:property sv:name="jcr:valueConstraints" sv:type="String"/></sv:node><sv:node sv:name="jcr:propertyDefinition"><sv:property sv:name="jcr:primaryType" sv:type="Name"><sv:value>nt:propertyDefinition</sv:value></sv:property><sv:property sv:name="jcr:mixinTypes" sv:type="Name"/><sv:property sv:name="jcr:name" sv:type="Name"><sv:value>jcr:mimeType</sv:value></sv:property><sv:property sv:name="jcr:autoCreated" sv:type="Boolean"><sv:value>false</sv:value></sv:property><sv:property sv:name="jcr:mandatory" sv:type="Boolean"><sv:value>true</sv:value></sv:property><sv:property sv:name="jcr:onParentVersion" sv:type="String"><sv:value>COPY</sv:value></sv:property><sv:property sv:name="jcr:protected" sv:type="Boolean"><sv:value>false</sv:value></sv:property><sv:property sv:name="jcr:multiple" sv:type="Boolean"><sv:value>false</sv:value></sv:property><sv:property sv:name="jcr:requiredType" sv:type="String"><sv:value>String</sv:value></sv:property><sv:property sv:name="jcr:defaultValues" sv:type="String"/><sv:property sv:name="jcr:valueConstraints" sv:type="String"/></sv:node><sv:node sv:name="jcr:propertyDefinition"><sv:property sv:name="jcr:primaryType" sv:type="Name"><sv:value>nt:propertyDefinition</sv:value></sv:property><sv:property sv:name="jcr:mixinTypes" sv:type="Name"/><sv:property sv:name="jcr:name" sv:type="Name"><sv:value>jcr:data</sv:value></sv:property><sv:property sv:name="jcr:autoCreated" sv:type="Boolean"><sv:value>false</sv:value></sv:property><sv:property sv:name="jcr:mandatory" sv:type="Boolean"><sv:value>true</sv:value></sv:property><sv:property sv:name="jcr:onParentVersion" sv:type="String"><sv:value>COPY</sv:value></sv:property><sv:property sv:name="jcr:protected" sv:type="Boolean"><sv:value>false</sv:value></sv:property><sv:property sv:name="jcr:multiple" sv:type="Boolean"><sv:value>false</sv:value></sv:property><sv:property sv:name="jcr:requiredType" sv:type="String"><sv:value>Binary</sv:value></sv:property><sv:property sv:name="jcr:defaultValues" sv:type="String"/><sv:property sv:name="jcr:valueConstraints" sv:type="String"/></sv:node><sv:node sv:name="jcr:propertyDefinition"><sv:property sv:name="jcr:primaryType" sv:type="Name"><sv:value>nt:propertyDefinition</sv:value></sv:property><sv:property sv:name="jcr:mixinTypes" sv:type="Name"/><sv:property sv:name="jcr:name" sv:type="Name"><sv:value>jcr:lastModified</sv:value></sv:property><sv:property sv:name="jcr:autoCreated" sv:type="Boolean"><sv:value>false</sv:value></sv:property><sv:property sv:name="jcr:mandatory" sv:type="Boolean"><sv:value>true</sv:value></sv:property><sv:property sv:name="jcr:onParentVersion" sv:type="String"><sv:value>IGNORE</sv:value></sv:property><sv:property sv:name="jcr:protected" sv:type="Boolean"><sv:value>false</sv:value></sv:property><sv:property sv:name="jcr:multiple" sv:type="Boolean"><sv:value>false</sv:value></sv:property><sv:property sv:name="jcr:requiredType" sv:type="String"><sv:value>Date</sv:value></sv:property><sv:property sv:name="jcr:defaultValues" sv:type="String"/><sv:property sv:name="jcr:valueConstraints" sv:type="String"/></sv:node></sv:node><sv:node sv:name="nt:base"><sv:property sv:name="jcr:primaryType" sv:type="Name"><sv:value>nt:nodeType</sv:value></sv:property><sv:property sv:name="jcr:mixinTypes" sv:type="Name"/><sv:property sv:name="jcr:nodeTypeName" sv:type="Name"><sv:value>nt:base</sv:value></sv:property><sv:property sv:name="jcr:supertypes" sv:type="Name"/><sv:property sv:name="jcr:isMixin" sv:type="Boolean"><sv:value>false</sv:value></sv:property><sv:property sv:name="jcr:hasOrderableChildNodes" sv:type="Boolean"><sv:value>false</sv:value></sv:property><sv:node sv:name="jcr:propertyDefinition"><sv:property sv:name="jcr:primaryType" sv:type="Name"><sv:value>nt:propertyDefinition</sv:value></sv:property><sv:property sv:name="jcr:mixinTypes" sv:type="Name"/><sv:property sv:name="jcr:name" sv:type="Name"><sv:value>jcr:primaryType</sv:value></sv:property><sv:property sv:name="jcr:autoCreated" sv:type="Boolean"><sv:value>true</sv:value></sv:property><sv:property sv:name="jcr:mandatory" sv:type="Boolean"><sv:value>true</sv:value></sv:property><sv:property sv:name="jcr:onParentVersion" sv:type="String"><sv:value>COMPUTE</sv:value></sv:property><sv:property sv:name="jcr:protected" sv:type="Boolean"><sv:value>true</sv:value></sv:property><sv:property sv:name="jcr:multiple" sv:type="Boolean"><sv:value>false</sv:value></sv:property><sv:property sv:name="jcr:requiredType" sv:type="String"><sv:value>Name</sv:value></sv:property><sv:property sv:name="jcr:defaultValues" sv:type="String"/><sv:property sv:name="jcr:valueConstraints" sv:type="String"/></sv:node><sv:node sv:name="jcr:propertyDefinition"><sv:property sv:name="jcr:primaryType" sv:type="Name"><sv:value>nt:propertyDefinition</sv:value></sv:property><sv:property sv:name="jcr:mixinTypes" sv:type="Name"/><sv:property sv:name="jcr:name" sv:type="Name"><sv:value>jcr:mixinTypes</sv:value></sv:property><sv:property sv:name="jcr:autoCreated" sv:type="Boolean"><sv:value>false</sv:value></sv:property><sv:property sv:name="jcr:mandatory" sv:type="Boolean"><sv:value>false</sv:value></sv:property><sv:property sv:name="jcr:onParentVersion" sv:type="String"><sv:value>COMPUTE</sv:value></sv:property><sv:property sv:name="jcr:protected" sv:type="Boolean"><sv:value>true</sv:value></sv:property><sv:property sv:name="jcr:multiple" sv:type="Boolean"><sv:value>true</sv:value></sv:property><sv:property sv:name="jcr:requiredType" sv:type="String"><sv:value>Name</sv:value></sv:property><sv:property sv:name="jcr:defaultValues" sv:type="String"/><sv:property sv:name="jcr:valueConstraints" sv:type="String"/></sv:node></sv:node><sv:node sv:name="test:canSetProperty"><sv:property sv:name="jcr:primaryType" sv:type="Name"><sv:value>nt:nodeType</sv:value></sv:property><sv:property sv:name="jcr:mixinTypes" sv:type="Name"/><sv:property sv:name="jcr:nodeTypeName" sv:type="Name"><sv:value>test:canSetProperty</sv:value></sv:property><sv:property sv:name="jcr:supertypes" sv:type="Name"><sv:value>nt:base</sv:value></sv:property><sv:property sv:name="jcr:isMixin" sv:type="Boolean"><sv:value>false</sv:value></sv:property><sv:property sv:name="jcr:hasOrderableChildNodes" sv:type="Boolean"><sv:value>false</sv:value></sv:property><sv:node sv:name="jcr:propertyDefinition"><sv:property sv:name="jcr:primaryType" sv:type="Name"><sv:value>nt:propertyDefinition</sv:value></sv:property><sv:property sv:name="jcr:mixinTypes" sv:type="Name"/><sv:property sv:name="jcr:name" sv:type="Name"><sv:value>String</sv:value></sv:property><sv:property sv:name="jcr:autoCreated" sv:type="Boolean"><sv:value>false</sv:value></sv:property><sv:property sv:name="jcr:mandatory" sv:type="Boolean"><sv:value>false</sv:value></sv:property><sv:property sv:name="jcr:onParentVersion" sv:type="String"><sv:value>COPY</sv:value></sv:property><sv:property sv:name="jcr:protected" sv:type="Boolean"><sv:value>false</sv:value></sv:property><sv:property sv:name="jcr:multiple" sv:type="Boolean"><sv:value>false</sv:value></sv:property><sv:property sv:name="jcr:requiredType" sv:type="String"><sv:value>String</sv:value></sv:property><sv:property sv:name="jcr:defaultValues" sv:type="String"/><sv:property sv:name="jcr:valueConstraints" sv:type="String"/></sv:node><sv:node sv:name="jcr:propertyDefinition"><sv:property sv:name="jcr:primaryType" sv:type="Name"><sv:value>nt:propertyDefinition</sv:value></sv:property><sv:property sv:name="jcr:mixinTypes" sv:type="Name"/><sv:property sv:name="jcr:name" sv:type="Name"><sv:value>StringMultiple</sv:value></sv:property><sv:property sv:name="jcr:autoCreated" sv:type="Boolean"><sv:value>false</sv:value></sv:property><sv:property sv:name="jcr:mandatory" sv:type="Boolean"><sv:value>false</sv:value></sv:property><sv:property sv:name="jcr:onParentVersion" sv:type="String"><sv:value>COPY</sv:value></sv:property><sv:property sv:name="jcr:protected" sv:type="Boolean"><sv:value>false</sv:value></sv:property><sv:property sv:name="jcr:multiple" sv:type="Boolean"><sv:value>true</sv:value></sv:property><sv:property sv:name="jcr:requiredType" sv:type="String"><sv:value>String</sv:value></sv:property><sv:property sv:name="jcr:defaultValues" sv:type="String"/><sv:property sv:name="jcr:valueConstraints" sv:type="String"/></sv:node><sv:node sv:name="jcr:propertyDefinition"><sv:property sv:name="jcr:primaryType" sv:type="Name"><sv:value>nt:propertyDefinition</sv:value></sv:property><sv:property sv:name="jcr:mixinTypes" sv:type="Name"/><sv:property sv:name="jcr:name" sv:type="Name"><sv:value>StringConstraints</sv:value></sv:property><sv:property sv:name="jcr:autoCreated" sv:type="Boolean"><sv:value>false</sv:value></sv:property><sv:property sv:name="jcr:mandatory" sv:type="Boolean"><sv:value>false</sv:value></sv:property><sv:property sv:name="jcr:onParentVersion" sv:type="String"><sv:value>COPY</sv:value></sv:property><sv:property sv:name="jcr:protected" sv:type="Boolean"><sv:value>false</sv:value></sv:property><sv:property sv:name="jcr:multiple" sv:type="Boolean"><sv:value>false</sv:value></sv:property><sv:property sv:name="jcr:requiredType" sv:type="String"><sv:value>String</sv:value></sv:property><sv:property sv:name="jcr:defaultValues" sv:type="String"/><sv:property sv:name="jcr:valueConstraints" sv:type="String"><sv:value>abc</sv:value><sv:value>def</sv:value><sv:value>ghi</sv:value></sv:property></sv:node><sv:node sv:name="jcr:propertyDefinition"><sv:property sv:name="jcr:primaryType" sv:type="Name"><sv:value>nt:propertyDefinition</sv:value></sv:property><sv:property sv:name="jcr:mixinTypes" sv:type="Name"/><sv:property sv:name="jcr:name" sv:type="Name"><sv:value>StringMultipleConstraints</sv:value></sv:property><sv:property sv:name="jcr:autoCreated" sv:type="Boolean"><sv:value>false</sv:value></sv:property><sv:property sv:name="jcr:mandatory" sv:type="Boolean"><sv:value>false</sv:value></sv:property><sv:property sv:name="jcr:onParentVersion" sv:type="String"><sv:value>COPY</sv:value></sv:property><sv:property sv:name="jcr:protected" sv:type="Boolean"><sv:value>false</sv:value></sv:property><sv:property sv:name="jcr:multiple" sv:type="Boolean"><sv:value>true</sv:value></sv:property><sv:property sv:name="jcr:requiredType" sv:type="String"><sv:value>String</sv:value></sv:property><sv:property sv:name="jcr:defaultValues" sv:type="String"/><sv:property sv:name="jcr:valueConstraints" sv:type="String"><sv:value>abc</sv:value><sv:value>def</sv:value><sv:value>ghi</sv:value></sv:property></sv:node><sv:node sv:name="jcr:propertyDefinition"><sv:property sv:name="jcr:primaryType" sv:type="Name"><sv:value>nt:propertyDefinition</sv:value></sv:property><sv:property sv:name="jcr:mixinTypes" sv:type="Name"/><sv:property sv:name="jcr:name" sv:type="Name"><sv:value>Binary</sv:value></sv:property><sv:property sv:name="jcr:autoCreated" sv:type="Boolean"><sv:value>false</sv:value></sv:property><sv:property sv:name="jcr:mandatory" sv:type="Boolean"><sv:value>false</sv:value></sv:property><sv:property sv:name="jcr:onParentVersion" sv:type="String"><sv:value>COPY</sv:value></sv:property><sv:property sv:name="jcr:protected" sv:type="Boolean"><sv:value>false</sv:value></sv:property><sv:property sv:name="jcr:multiple" sv:type="Boolean"><sv:value>false</sv:value></sv:property><sv:property sv:name="jcr:requiredType" sv:type="String"><sv:value>Binary</sv:value></sv:property><sv:property sv:name="jcr:defaultValues" sv:type="String"/><sv:property sv:name="jcr:valueConstraints" sv:type="String"/></sv:node><sv:node sv:name="jcr:propertyDefinition"><sv:property sv:name="jcr:primaryType" sv:type="Name"><sv:value>nt:propertyDefinition</sv:value></sv:property><sv:property sv:name="jcr:mixinTypes" sv:type="Name"/><sv:property sv:name="jcr:name" sv:type="Name"><sv:value>BinaryMultiple</sv:value></sv:property><sv:property sv:name="jcr:autoCreated" sv:type="Boolean"><sv:value>false</sv:value></sv:property><sv:property sv:name="jcr:mandatory" sv:type="Boolean"><sv:value>false</sv:value></sv:property><sv:property sv:name="jcr:onParentVersion" sv:type="String"><sv:value>COPY</sv:value></sv:property><sv:property sv:name="jcr:protected" sv:type="Boolean"><sv:value>false</sv:value></sv:property><sv:property sv:name="jcr:multiple" sv:type="Boolean"><sv:value>true</sv:value></sv:property><sv:property sv:name="jcr:requiredType" sv:type="String"><sv:value>Binary</sv:value></sv:property><sv:property sv:name="jcr:defaultValues" sv:type="String"/><sv:property sv:name="jcr:valueConstraints" sv:type="String"/></sv:node><sv:node sv:name="jcr:propertyDefinition"><sv:property sv:name="jcr:primaryType" sv:type="Name"><sv:value>nt:propertyDefinition</sv:value></sv:property><sv:property sv:name="jcr:mixinTypes" sv:type="Name"/><sv:property sv:name="jcr:name" sv:type="Name"><sv:value>BinaryConstraints</sv:value></sv:property><sv:property sv:name="jcr:autoCreated" sv:type="Boolean"><sv:value>false</sv:value></sv:property><sv:property sv:name="jcr:mandatory" sv:type="Boolean"><sv:value>false</sv:value></sv:property><sv:property sv:name="jcr:onParentVersion" sv:type="String"><sv:value>COPY</sv:value></sv:property><sv:property sv:name="jcr:protected" sv:type="Boolean"><sv:value>false</sv:value></sv:property><sv:property sv:name="jcr:multiple" sv:type="Boolean"><sv:value>false</sv:value></sv:property><sv:property sv:name="jcr:requiredType" sv:type="String"><sv:value>Binary</sv:value></sv:property><sv:property sv:name="jcr:defaultValues" sv:type="String"/><sv:property sv:name="jcr:valueConstraints" sv:type="String"><sv:value>(,100)</sv:value></sv:property></sv:node><sv:node sv:name="jcr:propertyDefinition"><sv:property sv:name="jcr:primaryType" sv:type="Name"><sv:value>nt:propertyDefinition</sv:value></sv:property><sv:property sv:name="jcr:mixinTypes" sv:type="Name"/><sv:property sv:name="jcr:name" sv:type="Name"><sv:value>BinaryMultipleConstraints</sv:value></sv:property><sv:property sv:name="jcr:autoCreated" sv:type="Boolean"><sv:value>false</sv:value></sv:property><sv:property sv:name="jcr:mandatory" sv:type="Boolean"><sv:value>false</sv:value></sv:property><sv:property sv:name="jcr:onParentVersion" sv:type="String"><sv:value>COPY</sv:value></sv:property><sv:property sv:name="jcr:protected" sv:type="Boolean"><sv:value>false</sv:value></sv:property><sv:property sv:name="jcr:multiple" sv:type="Boolean"><sv:value>true</sv:value></sv:property><sv:property sv:name="jcr:requiredType" sv:type="String"><sv:value>Binary</sv:value></sv:property><sv:property sv:name="jcr:defaultValues" sv:type="String"/><sv:property sv:name="jcr:valueConstraints" sv:type="String"><sv:value>(,100)</sv:value></sv:property></sv:node><sv:node sv:name="jcr:propertyDefinition"><sv:property sv:name="jcr:primaryType" sv:type="Name"><sv:value>nt:propertyDefinition</sv:value></sv:property><sv:property sv:name="jcr:mixinTypes" sv:type="Name"/><sv:property sv:name="jcr:name" sv:type="Name"><sv:value>Date</sv:value></sv:property><sv:property sv:name="jcr:autoCreated" sv:type="Boolean"><sv:value>false</sv:value></sv:property><sv:property sv:name="jcr:mandatory" sv:type="Boolean"><sv:value>false</sv:value></sv:property><sv:property sv:name="jcr:onParentVersion" sv:type="String"><sv:value>COPY</sv:value></sv:property><sv:property sv:name="jcr:protected" sv:type="Boolean"><sv:value>false</sv:value></sv:property><sv:property sv:name="jcr:multiple" sv:type="Boolean"><sv:value>false</sv:value></sv:property><sv:property sv:name="jcr:requiredType" sv:type="String"><sv:value>Date</sv:value></sv:property><sv:property sv:name="jcr:defaultValues" sv:type="String"/><sv:property sv:name="jcr:valueConstraints" sv:type="String"/></sv:node><sv:node sv:name="jcr:propertyDefinition"><sv:property sv:name="jcr:primaryType" sv:type="Name"><sv:value>nt:propertyDefinition</sv:value></sv:property><sv:property sv:name="jcr:mixinTypes" sv:type="Name"/><sv:property sv:name="jcr:name" sv:type="Name"><sv:value>DateMultiple</sv:value></sv:property><sv:property sv:name="jcr:autoCreated" sv:type="Boolean"><sv:value>false</sv:value></sv:property><sv:property sv:name="jcr:mandatory" sv:type="Boolean"><sv:value>false</sv:value></sv:property><sv:property sv:name="jcr:onParentVersion" sv:type="String"><sv:value>COPY</sv:value></sv:property><sv:property sv:name="jcr:protected" sv:type="Boolean"><sv:value>false</sv:value></sv:property><sv:property sv:name="jcr:multiple" sv:type="Boolean"><sv:value>true</sv:value></sv:property><sv:property sv:name="jcr:requiredType" sv:type="String"><sv:value>Date</sv:value></sv:property><sv:property sv:name="jcr:defaultValues" sv:type="String"/><sv:property sv:name="jcr:valueConstraints" sv:type="String"/></sv:node><sv:node sv:name="jcr:propertyDefinition"><sv:property sv:name="jcr:primaryType" sv:type="Name"><sv:value>nt:propertyDefinition</sv:value></sv:property><sv:property sv:name="jcr:mixinTypes" sv:type="Name"/><sv:property sv:name="jcr:name" sv:type="Name"><sv:value>DateConstraints</sv:value></sv:property><sv:property sv:name="jcr:autoCreated" sv:type="Boolean"><sv:value>false</sv:value></sv:property><sv:property sv:name="jcr:mandatory" sv:type="Boolean"><sv:value>false</sv:value></sv:property><sv:property sv:name="jcr:onParentVersion" sv:type="String"><sv:value>COPY</sv:value></sv:property><sv:property sv:name="jcr:protected" sv:type="Boolean"><sv:value>false</sv:value></sv:property><sv:property sv:name="jcr:multiple" sv:type="Boolean"><sv:value>false</sv:value></sv:property><sv:property sv:name="jcr:requiredType" sv:type="String"><sv:value>Date</sv:value></sv:property><sv:property sv:name="jcr:defaultValues" sv:type="String"/><sv:property sv:name="jcr:valueConstraints" sv:type="String"><sv:value>(1974-02-15T00:00:00.000Z,)</sv:value></sv:property></sv:node><sv:node sv:name="jcr:propertyDefinition"><sv:property sv:name="jcr:primaryType" sv:type="Name"><sv:value>nt:propertyDefinition</sv:value></sv:property><sv:property sv:name="jcr:mixinTypes" sv:type="Name"/><sv:property sv:name="jcr:name" sv:type="Name"><sv:value>DateMultipleConstraints</sv:value></sv:property><sv:property sv:name="jcr:autoCreated" sv:type="Boolean"><sv:value>false</sv:value></sv:property><sv:property sv:name="jcr:mandatory" sv:type="Boolean"><sv:value>false</sv:value></sv:property><sv:property sv:name="jcr:onParentVersion" sv:type="String"><sv:value>COPY</sv:value></sv:property><sv:property sv:name="jcr:protected" sv:type="Boolean"><sv:value>false</sv:value></sv:property><sv:property sv:name="jcr:multiple" sv:type="Boolean"><sv:value>true</sv:value></sv:property><sv:property sv:name="jcr:requiredType" sv:type="String"><sv:value>Date</sv:value></sv:property><sv:property sv:name="jcr:defaultValues" sv:type="String"/><sv:property sv:name="jcr:valueConstraints" sv:type="String"><sv:value>(,1974-02-15T00:00:00.000Z)</sv:value></sv:property></sv:node><sv:node sv:name="jcr:propertyDefinition"><sv:property sv:name="jcr:primaryType" sv:type="Name"><sv:value>nt:propertyDefinition</sv:value></sv:property><sv:property sv:name="jcr:mixinTypes" sv:type="Name"/><sv:property sv:name="jcr:name" sv:type="Name"><sv:value>Double</sv:value></sv:property><sv:property sv:name="jcr:autoCreated" sv:type="Boolean"><sv:value>false</sv:value></sv:property><sv:property sv:name="jcr:mandatory" sv:type="Boolean"><sv:value>false</sv:value></sv:property><sv:property sv:name="jcr:onParentVersion" sv:type="String"><sv:value>COPY</sv:value></sv:property><sv:property sv:name="jcr:protected" sv:type="Boolean"><sv:value>false</sv:value></sv:property><sv:property sv:name="jcr:multiple" sv:type="Boolean"><sv:value>false</sv:value></sv:property><sv:property sv:name="jcr:requiredType" sv:type="String"><sv:value>Double</sv:value></sv:property><sv:property sv:name="jcr:defaultValues" sv:type="String"/><sv:property sv:name="jcr:valueConstraints" sv:type="String"/></sv:node><sv:node sv:name="jcr:propertyDefinition"><sv:property sv:name="jcr:primaryType" sv:type="Name"><sv:value>nt:propertyDefinition</sv:value></sv:property><sv:property sv:name="jcr:mixinTypes" sv:type="Name"/><sv:property sv:name="jcr:name" sv:type="Name"><sv:value>DoubleMultiple</sv:value></sv:property><sv:property sv:name="jcr:autoCreated" sv:type="Boolean"><sv:value>false</sv:value></sv:property><sv:property sv:name="jcr:mandatory" sv:type="Boolean"><sv:value>false</sv:value></sv:property><sv:property sv:name="jcr:onParentVersion" sv:type="String"><sv:value>COPY</sv:value></sv:property><sv:property sv:name="jcr:protected" sv:type="Boolean"><sv:value>false</sv:value></sv:property><sv:property sv:name="jcr:multiple" sv:type="Boolean"><sv:value>true</sv:value></sv:property><sv:property sv:name="jcr:requiredType" sv:type="String"><sv:value>Double</sv:value></sv:property><sv:property sv:name="jcr:defaultValues" sv:type="String"/><sv:property sv:name="jcr:valueConstraints" sv:type="String"/></sv:node><sv:node sv:name="jcr:propertyDefinition"><sv:property sv:name="jcr:primaryType" sv:type="Name"><sv:value>nt:propertyDefinition</sv:value></sv:property><sv:property sv:name="jcr:mixinTypes" sv:type="Name"/><sv:property sv:name="jcr:name" sv:type="Name"><sv:value>DoubleConstraints</sv:value></sv:property><sv:property sv:name="jcr:autoCreated" sv:type="Boolean"><sv:value>false</sv:value></sv:property><sv:property sv:name="jcr:mandatory" sv:type="Boolean"><sv:value>false</sv:value></sv:property><sv:property sv:name="jcr:onParentVersion" sv:type="String"><sv:value>COPY</sv:value></sv:property><sv:property sv:name="jcr:protected" sv:type="Boolean"><sv:value>false</sv:value></sv:property><sv:property sv:name="jcr:multiple" sv:type="Boolean"><sv:value>false</sv:value></sv:property><sv:property sv:name="jcr:requiredType" sv:type="String"><sv:value>Double</sv:value></sv:property><sv:property sv:name="jcr:defaultValues" sv:type="String"/><sv:property sv:name="jcr:valueConstraints" sv:type="String"><sv:value>(100,)</sv:value></sv:property></sv:node><sv:node sv:name="jcr:propertyDefinition"><sv:property sv:name="jcr:primaryType" sv:type="Name"><sv:value>nt:propertyDefinition</sv:value></sv:property><sv:property sv:name="jcr:mixinTypes" sv:type="Name"/><sv:property sv:name="jcr:name" sv:type="Name"><sv:value>DoubleMultipleConstraints</sv:value></sv:property><sv:property sv:name="jcr:autoCreated" sv:type="Boolean"><sv:value>false</sv:value></sv:property><sv:property sv:name="jcr:mandatory" sv:type="Boolean"><sv:value>false</sv:value></sv:property><sv:property sv:name="jcr:onParentVersion" sv:type="String"><sv:value>COPY</sv:value></sv:property><sv:property sv:name="jcr:protected" sv:type="Boolean"><sv:value>false</sv:value></sv:property><sv:property sv:name="jcr:multiple" sv:type="Boolean"><sv:value>true</sv:value></sv:property><sv:property sv:name="jcr:requiredType" sv:type="String"><sv:value>Double</sv:value></sv:property><sv:property sv:name="jcr:defaultValues" sv:type="String"/><sv:property sv:name="jcr:valueConstraints" sv:type="String"><sv:value>(,100)</sv:value></sv:property></sv:node><sv:node sv:name="jcr:propertyDefinition"><sv:property sv:name="jcr:primaryType" sv:type="Name"><sv:value>nt:propertyDefinition</sv:value></sv:property><sv:property sv:name="jcr:mixinTypes" sv:type="Name"/><sv:property sv:name="jcr:name" sv:type="Name"><sv:value>Long</sv:value></sv:property><sv:property sv:name="jcr:autoCreated" sv:type="Boolean"><sv:value>false</sv:value></sv:property><sv:property sv:name="jcr:mandatory" sv:type="Boolean"><sv:value>false</sv:value></sv:property><sv:property sv:name="jcr:onParentVersion" sv:type="String"><sv:value>COPY</sv:value></sv:property><sv:property sv:name="jcr:protected" sv:type="Boolean"><sv:value>false</sv:value></sv:property><sv:property sv:name="jcr:multiple" sv:type="Boolean"><sv:value>false</sv:value></sv:property><sv:property sv:name="jcr:requiredType" sv:type="String"><sv:value>Long</sv:value></sv:property><sv:property sv:name="jcr:defaultValues" sv:type="String"/><sv:property sv:name="jcr:valueConstraints" sv:type="String"/></sv:node><sv:node sv:name="jcr:propertyDefinition"><sv:property sv:name="jcr:primaryType" sv:type="Name"><sv:value>nt:propertyDefinition</sv:value></sv:property><sv:property sv:name="jcr:mixinTypes" sv:type="Name"/><sv:property sv:name="jcr:name" sv:type="Name"><sv:value>LongMultiple</sv:value></sv:property><sv:property sv:name="jcr:autoCreated" sv:type="Boolean"><sv:value>false</sv:value></sv:property><sv:property sv:name="jcr:mandatory" sv:type="Boolean"><sv:value>false</sv:value></sv:property><sv:property sv:name="jcr:onParentVersion" sv:type="String"><sv:value>COPY</sv:value></sv:property><sv:property sv:name="jcr:protected" sv:type="Boolean"><sv:value>false</sv:value></sv:property><sv:property sv:name="jcr:multiple" sv:type="Boolean"><sv:value>true</sv:value></sv:property><sv:property sv:name="jcr:requiredType" sv:type="String"><sv:value>Long</sv:value></sv:property><sv:property sv:name="jcr:defaultValues" sv:type="String"/><sv:property sv:name="jcr:valueConstraints" sv:type="String"/></sv:node><sv:node sv:name="jcr:propertyDefinition"><sv:property sv:name="jcr:primaryType" sv:type="Name"><sv:value>nt:propertyDefinition</sv:value></sv:property><sv:property sv:name="jcr:mixinTypes" sv:type="Name"/><sv:property sv:name="jcr:name" sv:type="Name"><sv:value>LongConstraints</sv:value></sv:property><sv:property sv:name="jcr:autoCreated" sv:type="Boolean"><sv:value>false</sv:value></sv:property><sv:property sv:name="jcr:mandatory" sv:type="Boolean"><sv:value>false</sv:value></sv:property><sv:property sv:name="jcr:onParentVersion" sv:type="String"><sv:value>COPY</sv:value></sv:property><sv:property sv:name="jcr:protected" sv:type="Boolean"><sv:value>false</sv:value></sv:property><sv:property sv:name="jcr:multiple" sv:type="Boolean"><sv:value>false</sv:value></sv:property><sv:property sv:name="jcr:requiredType" sv:type="String"><sv:value>Long</sv:value></sv:property><sv:property sv:name="jcr:defaultValues" sv:type="String"/><sv:property sv:name="jcr:valueConstraints" sv:type="String"><sv:value>(100,)</sv:value></sv:property></sv:node><sv:node sv:name="jcr:propertyDefinition"><sv:property sv:name="jcr:primaryType" sv:type="Name"><sv:value>nt:propertyDefinition</sv:value></sv:property><sv:property sv:name="jcr:mixinTypes" sv:type="Name"/><sv:property sv:name="jcr:name" sv:type="Name"><sv:value>LongMultipleConstraints</sv:value></sv:property><sv:property sv:name="jcr:autoCreated" sv:type="Boolean"><sv:value>false</sv:value></sv:property><sv:property sv:name="jcr:mandatory" sv:type="Boolean"><sv:value>false</sv:value></sv:property><sv:property sv:name="jcr:onParentVersion" sv:type="String"><sv:value>COPY</sv:value></sv:property><sv:property sv:name="jcr:protected" sv:type="Boolean"><sv:value>false</sv:value></sv:property><sv:property sv:name="jcr:multiple" sv:type="Boolean"><sv:value>true</sv:value></sv:property><sv:property sv:name="jcr:requiredType" sv:type="String"><sv:value>Long</sv:value></sv:property><sv:property sv:name="jcr:defaultValues" sv:type="String"/><sv:property sv:name="jcr:valueConstraints" sv:type="String"><sv:value>(,100)</sv:value></sv:property></sv:node><sv:node sv:name="jcr:propertyDefinition"><sv:property sv:name="jcr:primaryType" sv:type="Name"><sv:value>nt:propertyDefinition</sv:value></sv:property><sv:property sv:name="jcr:mixinTypes" sv:type="Name"/><sv:property sv:name="jcr:name" sv:type="Name"><sv:value>Boolean</sv:value></sv:property><sv:property sv:name="jcr:autoCreated" sv:type="Boolean"><sv:value>false</sv:value></sv:property><sv:property sv:name="jcr:mandatory" sv:type="Boolean"><sv:value>false</sv:value></sv:property><sv:property sv:name="jcr:onParentVersion" sv:type="String"><sv:value>COPY</sv:value></sv:property><sv:property sv:name="jcr:protected" sv:type="Boolean"><sv:value>false</sv:value></sv:property><sv:property sv:name="jcr:multiple" sv:type="Boolean"><sv:value>false</sv:value></sv:property><sv:property sv:name="jcr:requiredType" sv:type="String"><sv:value>Boolean</sv:value></sv:property><sv:property sv:name="jcr:defaultValues" sv:type="String"/><sv:property sv:name="jcr:valueConstraints" sv:type="String"/></sv:node><sv:node sv:name="jcr:propertyDefinition"><sv:property sv:name="jcr:primaryType" sv:type="Name"><sv:value>nt:propertyDefinition</sv:value></sv:property><sv:property sv:name="jcr:mixinTypes" sv:type="Name"/><sv:property sv:name="jcr:name" sv:type="Name"><sv:value>BooleanMultiple</sv:value></sv:property><sv:property sv:name="jcr:autoCreated" sv:type="Boolean"><sv:value>false</sv:value></sv:property><sv:property sv:name="jcr:mandatory" sv:type="Boolean"><sv:value>false</sv:value></sv:property><sv:property sv:name="jcr:onParentVersion" sv:type="String"><sv:value>COPY</sv:value></sv:property><sv:property sv:name="jcr:protected" sv:type="Boolean"><sv:value>false</sv:value></sv:property><sv:property sv:name="jcr:multiple" sv:type="Boolean"><sv:value>true</sv:value></sv:property><sv:property sv:name="jcr:requiredType" sv:type="String"><sv:value>Boolean</sv:value></sv:property><sv:property sv:name="jcr:defaultValues" sv:type="String"/><sv:property sv:name="jcr:valueConstraints" sv:type="String"/></sv:node><sv:node sv:name="jcr:propertyDefinition"><sv:property sv:name="jcr:primaryType" sv:type="Name"><sv:value>nt:propertyDefinition</sv:value></sv:property><sv:property sv:name="jcr:mixinTypes" sv:type="Name"/><sv:property sv:name="jcr:name" sv:type="Name"><sv:value>BooleanConstraints</sv:value></sv:property><sv:property sv:name="jcr:autoCreated" sv:type="Boolean"><sv:value>false</sv:value></sv:property><sv:property sv:name="jcr:mandatory" sv:type="Boolean"><sv:value>false</sv:value></sv:property><sv:property sv:name="jcr:onParentVersion" sv:type="String"><sv:value>COPY</sv:value></sv:property><sv:property sv:name="jcr:protected" sv:type="Boolean"><sv:value>false</sv:value></sv:property><sv:property sv:name="jcr:multiple" sv:type="Boolean"><sv:value>false</sv:value></sv:property><sv:property sv:name="jcr:requiredType" sv:type="String"><sv:value>Boolean</sv:value></sv:property><sv:property sv:name="jcr:defaultValues" sv:type="String"/><sv:property sv:name="jcr:valueConstraints" sv:type="String"><sv:value>true</sv:value></sv:property></sv:node><sv:node sv:name="jcr:propertyDefinition"><sv:property sv:name="jcr:primaryType" sv:type="Name"><sv:value>nt:propertyDefinition</sv:value></sv:property><sv:property sv:name="jcr:mixinTypes" sv:type="Name"/><sv:property sv:name="jcr:name" sv:type="Name"><sv:value>BooleanMultipleConstraints</sv:value></sv:property><sv:property sv:name="jcr:autoCreated" sv:type="Boolean"><sv:value>false</sv:value></sv:property><sv:property sv:name="jcr:mandatory" sv:type="Boolean"><sv:value>false</sv:value></sv:property><sv:property sv:name="jcr:onParentVersion" sv:type="String"><sv:value>COPY</sv:value></sv:property><sv:property sv:name="jcr:protected" sv:type="Boolean"><sv:value>false</sv:value></sv:property><sv:property sv:name="jcr:multiple" sv:type="Boolean"><sv:value>true</sv:value></sv:property><sv:property sv:name="jcr:requiredType" sv:type="String"><sv:value>Boolean</sv:value></sv:property><sv:property sv:name="jcr:defaultValues" sv:type="String"/><sv:property sv:name="jcr:valueConstraints" sv:type="String"><sv:value>true</sv:value></sv:property></sv:node><sv:node sv:name="jcr:propertyDefinition"><sv:property sv:name="jcr:primaryType" sv:type="Name"><sv:value>nt:propertyDefinition</sv:value></sv:property><sv:property sv:name="jcr:mixinTypes" sv:type="Name"/><sv:property sv:name="jcr:name" sv:type="Name"><sv:value>Name</sv:value></sv:property><sv:property sv:name="jcr:autoCreated" sv:type="Boolean"><sv:value>false</sv:value></sv:property><sv:property sv:name="jcr:mandatory" sv:type="Boolean"><sv:value>false</sv:value></sv:property><sv:property sv:name="jcr:onParentVersion" sv:type="String"><sv:value>COPY</sv:value></sv:property><sv:property sv:name="jcr:protected" sv:type="Boolean"><sv:value>false</sv:value></sv:property><sv:property sv:name="jcr:multiple" sv:type="Boolean"><sv:value>false</sv:value></sv:property><sv:property sv:name="jcr:requiredType" sv:type="String"><sv:value>Name</sv:value></sv:property><sv:property sv:name="jcr:defaultValues" sv:type="String"/><sv:property sv:name="jcr:valueConstraints" sv:type="String"/></sv:node><sv:node sv:name="jcr:propertyDefinition"><sv:property sv:name="jcr:primaryType" sv:type="Name"><sv:value>nt:propertyDefinition</sv:value></sv:property><sv:property sv:name="jcr:mixinTypes" sv:type="Name"/><sv:property sv:name="jcr:name" sv:type="Name"><sv:value>NameMultiple</sv:value></sv:property><sv:property sv:name="jcr:autoCreated" sv:type="Boolean"><sv:value>false</sv:value></sv:property><sv:property sv:name="jcr:mandatory" sv:type="Boolean"><sv:value>false</sv:value></sv:property><sv:property sv:name="jcr:onParentVersion" sv:type="String"><sv:value>COPY</sv:value></sv:property><sv:property sv:name="jcr:protected" sv:type="Boolean"><sv:value>false</sv:value></sv:property><sv:property sv:name="jcr:multiple" sv:type="Boolean"><sv:value>true</sv:value></sv:property><sv:property sv:name="jcr:requiredType" sv:type="String"><sv:value>Name</sv:value></sv:property><sv:property sv:name="jcr:defaultValues" sv:type="String"/><sv:property sv:name="jcr:valueConstraints" sv:type="String"/></sv:node><sv:node sv:name="jcr:propertyDefinition"><sv:property sv:name="jcr:primaryType" sv:type="Name"><sv:value>nt:propertyDefinition</sv:value></sv:property><sv:property sv:name="jcr:mixinTypes" sv:type="Name"/><sv:property sv:name="jcr:name" sv:type="Name"><sv:value>NameConstraints</sv:value></sv:property><sv:property sv:name="jcr:autoCreated" sv:type="Boolean"><sv:value>false</sv:value></sv:property><sv:property sv:name="jcr:mandatory" sv:type="Boolean"><sv:value>false</sv:value></sv:property><sv:property sv:name="jcr:onParentVersion" sv:type="String"><sv:value>COPY</sv:value></sv:property><sv:property sv:name="jcr:protected" sv:type="Boolean"><sv:value>false</sv:value></sv:property><sv:property sv:name="jcr:multiple" sv:type="Boolean"><sv:value>false</sv:value></sv:property><sv:property sv:name="jcr:requiredType" sv:type="String"><sv:value>Name</sv:value></sv:property><sv:property sv:name="jcr:defaultValues" sv:type="String"/><sv:property sv:name="jcr:valueConstraints" sv:type="String"><sv:value>abc</sv:value></sv:property></sv:node><sv:node sv:name="jcr:propertyDefinition"><sv:property sv:name="jcr:primaryType" sv:type="Name"><sv:value>nt:propertyDefinition</sv:value></sv:property><sv:property sv:name="jcr:mixinTypes" sv:type="Name"/><sv:property sv:name="jcr:name" sv:type="Name"><sv:value>NameMultipleConstraints</sv:value></sv:property><sv:property sv:name="jcr:autoCreated" sv:type="Boolean"><sv:value>false</sv:value></sv:property><sv:property sv:name="jcr:mandatory" sv:type="Boolean"><sv:value>false</sv:value></sv:property><sv:property sv:name="jcr:onParentVersion" sv:type="String"><sv:value>COPY</sv:value></sv:property><sv:property sv:name="jcr:protected" sv:type="Boolean"><sv:value>false</sv:value></sv:property><sv:property sv:name="jcr:multiple" sv:type="Boolean"><sv:value>true</sv:value></sv:property><sv:property sv:name="jcr:requiredType" sv:type="String"><sv:value>Name</sv:value></sv:property><sv:property sv:name="jcr:defaultValues" sv:type="String"/><sv:property sv:name="jcr:valueConstraints" sv:type="String"><sv:value>abc</sv:value></sv:property></sv:node><sv:node sv:name="jcr:propertyDefinition"><sv:property sv:name="jcr:primaryType" sv:type="Name"><sv:value>nt:propertyDefinition</sv:value></sv:property><sv:property sv:name="jcr:mixinTypes" sv:type="Name"/><sv:property sv:name="jcr:name" sv:type="Name"><sv:value>Path</sv:value></sv:property><sv:property sv:name="jcr:autoCreated" sv:type="Boolean"><sv:value>false</sv:value></sv:property><sv:property sv:name="jcr:mandatory" sv:type="Boolean"><sv:value>false</sv:value></sv:property><sv:property sv:name="jcr:onParentVersion" sv:type="String"><sv:value>COPY</sv:value></sv:property><sv:property sv:name="jcr:protected" sv:type="Boolean"><sv:value>false</sv:value></sv:property><sv:property sv:name="jcr:multiple" sv:type="Boolean"><sv:value>false</sv:value></sv:property><sv:property sv:name="jcr:requiredType" sv:type="String"><sv:value>Path</sv:value></sv:property><sv:property sv:name="jcr:defaultValues" sv:type="String"/><sv:property sv:name="jcr:valueConstraints" sv:type="String"/></sv:node><sv:node sv:name="jcr:propertyDefinition"><sv:property sv:name="jcr:primaryType" sv:type="Name"><sv:value>nt:propertyDefinition</sv:value></sv:property><sv:property sv:name="jcr:mixinTypes" sv:type="Name"/><sv:property sv:name="jcr:name" sv:type="Name"><sv:value>PathMultiple</sv:value></sv:property><sv:property sv:name="jcr:autoCreated" sv:type="Boolean"><sv:value>false</sv:value></sv:property><sv:property sv:name="jcr:mandatory" sv:type="Boolean"><sv:value>false</sv:value></sv:property><sv:property sv:name="jcr:onParentVersion" sv:type="String"><sv:value>COPY</sv:value></sv:property><sv:property sv:name="jcr:protected" sv:type="Boolean"><sv:value>false</sv:value></sv:property><sv:property sv:name="jcr:multiple" sv:type="Boolean"><sv:value>true</sv:value></sv:property><sv:property sv:name="jcr:requiredType" sv:type="String"><sv:value>Path</sv:value></sv:property><sv:property sv:name="jcr:defaultValues" sv:type="String"/><sv:property sv:name="jcr:valueConstraints" sv:type="String"/></sv:node><sv:node sv:name="jcr:propertyDefinition"><sv:property sv:name="jcr:primaryType" sv:type="Name"><sv:value>nt:propertyDefinition</sv:value></sv:property><sv:property sv:name="jcr:mixinTypes" sv:type="Name"/><sv:property sv:name="jcr:name" sv:type="Name"><sv:value>PathConstraints</sv:value></sv:property><sv:property sv:name="jcr:autoCreated" sv:type="Boolean"><sv:value>false</sv:value></sv:property><sv:property sv:name="jcr:mandatory" sv:type="Boolean"><sv:value>false</sv:value></sv:property><sv:property sv:name="jcr:onParentVersion" sv:type="String"><sv:value>COPY</sv:value></sv:property><sv:property sv:name="jcr:protected" sv:type="Boolean"><sv:value>false</sv:value></sv:property><sv:property sv:name="jcr:multiple" sv:type="Boolean"><sv:value>false</sv:value></sv:property><sv:property sv:name="jcr:requiredType" sv:type="String"><sv:value>Path</sv:value></sv:property><sv:property sv:name="jcr:defaultValues" sv:type="String"/><sv:property sv:name="jcr:valueConstraints" sv:type="String"><sv:value>/abc</sv:value></sv:property></sv:node><sv:node sv:name="jcr:propertyDefinition"><sv:property sv:name="jcr:primaryType" sv:type="Name"><sv:value>nt:propertyDefinition</sv:value></sv:property><sv:property sv:name="jcr:mixinTypes" sv:type="Name"/><sv:property sv:name="jcr:name" sv:type="Name"><sv:value>PathMultipleConstraints</sv:value></sv:property><sv:property sv:name="jcr:autoCreated" sv:type="Boolean"><sv:value>false</sv:value></sv:property><sv:property sv:name="jcr:mandatory" sv:type="Boolean"><sv:value>false</sv:value></sv:property><sv:property sv:name="jcr:onParentVersion" sv:type="String"><sv:value>COPY</sv:value></sv:property><sv:property sv:name="jcr:protected" sv:type="Boolean"><sv:value>false</sv:value></sv:property><sv:property sv:name="jcr:multiple" sv:type="Boolean"><sv:value>true</sv:value></sv:property><sv:property sv:name="jcr:requiredType" sv:type="String"><sv:value>Path</sv:value></sv:property><sv:property sv:name="jcr:defaultValues" sv:type="String"/><sv:property sv:name="jcr:valueConstraints" sv:type="String"><sv:value>/abc</sv:value></sv:property></sv:node><sv:node sv:name="jcr:propertyDefinition"><sv:property sv:name="jcr:primaryType" sv:type="Name"><sv:value>nt:propertyDefinition</sv:value></sv:property><sv:property sv:name="jcr:mixinTypes" sv:type="Name"/><sv:property sv:name="jcr:name" sv:type="Name"><sv:value>ReferenceConstraints</sv:value></sv:property><sv:property sv:name="jcr:autoCreated" sv:type="Boolean"><sv:value>false</sv:value></sv:property><sv:property sv:name="jcr:mandatory" sv:type="Boolean"><sv:value>false</sv:value></sv:property><sv:property sv:name="jcr:onParentVersion" sv:type="String"><sv:value>COPY</sv:value></sv:property><sv:property sv:name="jcr:protected" sv:type="Boolean"><sv:value>false</sv:value></sv:property><sv:property sv:name="jcr:multiple" sv:type="Boolean"><sv:value>false</sv:value></sv:property><sv:property sv:name="jcr:requiredType" sv:type="String"><sv:value>Reference</sv:value></sv:property><sv:property sv:name="jcr:defaultValues" sv:type="String"/><sv:property sv:name="jcr:valueConstraints" sv:type="String"><sv:value>test:canSetProperty</sv:value></sv:property></sv:node><sv:node sv:name="jcr:propertyDefinition"><sv:property sv:name="jcr:primaryType" sv:type="Name"><sv:value>nt:propertyDefinition</sv:value></sv:property><sv:property sv:name="jcr:mixinTypes" sv:type="Name"/><sv:property sv:name="jcr:name" sv:type="Name"><sv:value>ReferenceMultipleConstraints</sv:value></sv:property><sv:property sv:name="jcr:autoCreated" sv:type="Boolean"><sv:value>false</sv:value></sv:property><sv:property sv:name="jcr:mandatory" sv:type="Boolean"><sv:value>false</sv:value></sv:property><sv:property sv:name="jcr:onParentVersion" sv:type="String"><sv:value>COPY</sv:value></sv:property><sv:property sv:name="jcr:protected" sv:type="Boolean"><sv:value>false</sv:value></sv:property><sv:property sv:name="jcr:multiple" sv:type="Boolean"><sv:value>true</sv:value></sv:property><sv:property sv:name="jcr:requiredType" sv:type="String"><sv:value>Reference</sv:value></sv:property><sv:property sv:name="jcr:defaultValues" sv:type="String"/><sv:property sv:name="jcr:valueConstraints" sv:type="String"><sv:value>test:canSetProperty</sv:value></sv:property></sv:node></sv:node><sv:node sv:name="test:refTargetNode"><sv:property sv:name="jcr:primaryType" sv:type="Name"><sv:value>nt:nodeType</sv:value></sv:property><sv:property sv:name="jcr:mixinTypes" sv:type="Name"/><sv:property sv:name="jcr:nodeTypeName" sv:type="Name"><sv:value>test:refTargetNode</sv:value></sv:property><sv:property sv:name="jcr:supertypes" sv:type="Name"><sv:value>mix:versionable</sv:value><sv:value>nt:base</sv:value></sv:property><sv:property sv:name="jcr:isMixin" sv:type="Boolean"><sv:value>false</sv:value></sv:property><sv:property sv:name="jcr:hasOrderableChildNodes" sv:type="Boolean"><sv:value>false</sv:value></sv:property><sv:node sv:name="jcr:propertyDefinition"><sv:property sv:name="jcr:primaryType" sv:type="Name"><sv:value>nt:propertyDefinition</sv:value></sv:property><sv:property sv:name="jcr:mixinTypes" sv:type="Name"/><sv:property sv:name="jcr:autoCreated" sv:type="Boolean"><sv:value>false</sv:value></sv:property><sv:property sv:name="jcr:mandatory" sv:type="Boolean"><sv:value>false</sv:value></sv:property><sv:property sv:name="jcr:onParentVersion" sv:type="String"><sv:value>COPY</sv:value></sv:property><sv:property sv:name="jcr:protected" sv:type="Boolean"><sv:value>false</sv:value></sv:property><sv:property sv:name="jcr:multiple" sv:type="Boolean"><sv:value>false</sv:value></sv:property><sv:property sv:name="jcr:requiredType" sv:type="String"><sv:value>undefined</sv:value></sv:property><sv:property sv:name="jcr:defaultValues" sv:type="String"/><sv:property sv:name="jcr:valueConstraints" sv:type="String"/></sv:node></sv:node><sv:node sv:name="rep:root"><sv:property sv:name="jcr:primaryType" sv:type="Name"><sv:value>nt:nodeType</sv:value></sv:property><sv:property sv:name="jcr:mixinTypes" sv:type="Name"/><sv:property sv:name="jcr:nodeTypeName" sv:type="Name"><sv:value>rep:root</sv:value></sv:property><sv:property sv:name="jcr:supertypes" sv:type="Name"><sv:value>nt:unstructured</sv:value></sv:property><sv:property sv:name="jcr:isMixin" sv:type="Boolean"><sv:value>false</sv:value></sv:property><sv:property sv:name="jcr:hasOrderableChildNodes" sv:type="Boolean"><sv:value>true</sv:value></sv:property><sv:node sv:name="jcr:childNodeDefinition"><sv:property sv:name="jcr:primaryType" sv:type="Name"><sv:value>nt:childNodeDefinition</sv:value></sv:property><sv:property sv:name="jcr:mixinTypes" sv:type="Name"/><sv:property sv:name="jcr:name" sv:type="Name"><sv:value>jcr:system</sv:value></sv:property><sv:property sv:name="jcr:autoCreated" sv:type="Boolean"><sv:value>false</sv:value></sv:property><sv:property sv:name="jcr:mandatory" sv:type="Boolean"><sv:value>true</sv:value></sv:property><sv:property sv:name="jcr:onParentVersion" sv:type="String"><sv:value>IGNORE</sv:value></sv:property><sv:property sv:name="jcr:protected" sv:type="Boolean"><sv:value>false</sv:value></sv:property><sv:property sv:name="jcr:requiredPrimaryTypes" sv:type="Name"><sv:value>rep:system</sv:value></sv:property><sv:property sv:name="jcr:defaultPrimaryType" sv:type="Name"><sv:value>rep:system</sv:value></sv:property><sv:property sv:name="jcr:sameNameSiblings" sv:type="Boolean"><sv:value>false</sv:value></sv:property></sv:node></sv:node><sv:node sv:name="rep:version"><sv:property sv:name="jcr:primaryType" sv:type="Name"><sv:value>nt:nodeType</sv:value></sv:property><sv:property sv:name="jcr:mixinTypes" sv:type="Name"/><sv:property sv:name="jcr:nodeTypeName" sv:type="Name"><sv:value>rep:version</sv:value></sv:property><sv:property sv:name="jcr:supertypes" sv:type="Name"><sv:value>nt:unstructured</sv:value></sv:property><sv:property sv:name="jcr:isMixin" sv:type="Boolean"><sv:value>false</sv:value></sv:property><sv:property sv:name="jcr:hasOrderableChildNodes" sv:type="Boolean"><sv:value>false</sv:value></sv:property></sv:node><sv:node sv:name="rep:system"><sv:property sv:name="jcr:primaryType" sv:type="Name"><sv:value>nt:nodeType</sv:value></sv:property><sv:property sv:name="jcr:mixinTypes" sv:type="Name"/><sv:property sv:name="jcr:nodeTypeName" sv:type="Name"><sv:value>rep:system</sv:value></sv:property><sv:property sv:name="jcr:supertypes" sv:type="Name"><sv:value>nt:base</sv:value></sv:property><sv:property sv:name="jcr:isMixin" sv:type="Boolean"><sv:value>false</sv:value></sv:property><sv:property sv:name="jcr:hasOrderableChildNodes" sv:type="Boolean"><sv:value>true</sv:value></sv:property><sv:node sv:name="jcr:childNodeDefinition"><sv:property sv:name="jcr:primaryType" sv:type="Name"><sv:value>nt:childNodeDefinition</sv:value></sv:property><sv:property sv:name="jcr:mixinTypes" sv:type="Name"/><sv:property sv:name="jcr:name" sv:type="Name"><sv:value>jcr:versionStorage</sv:value></sv:property><sv:property sv:name="jcr:autoCreated" sv:type="Boolean"><sv:value>false</sv:value></sv:property><sv:property sv:name="jcr:mandatory" sv:type="Boolean"><sv:value>true</sv:value></sv:property><sv:property sv:name="jcr:onParentVersion" sv:type="String"><sv:value>ABORT</sv:value></sv:property><sv:property sv:name="jcr:protected" sv:type="Boolean"><sv:value>true</sv:value></sv:property><sv:property sv:name="jcr:requiredPrimaryTypes" sv:type="Name"><sv:value>nt:base</sv:value></sv:property><sv:property sv:name="jcr:defaultPrimaryType" sv:type="Name"><sv:value>nt:unstructured</sv:value></sv:property><sv:property sv:name="jcr:sameNameSiblings" sv:type="Boolean"><sv:value>false</sv:value></sv:property></sv:node><sv:node sv:name="jcr:childNodeDefinition"><sv:property sv:name="jcr:primaryType" sv:type="Name"><sv:value>nt:childNodeDefinition</sv:value></sv:property><sv:property sv:name="jcr:mixinTypes" sv:type="Name"/><sv:property sv:name="jcr:autoCreated" sv:type="Boolean"><sv:value>false</sv:value></sv:property><sv:property sv:name="jcr:mandatory" sv:type="Boolean"><sv:value>false</sv:value></sv:property><sv:property sv:name="jcr:onParentVersion" sv:type="String"><sv:value>IGNORE</sv:value></sv:property><sv:property sv:name="jcr:protected" sv:type="Boolean"><sv:value>false</sv:value></sv:property><sv:property sv:name="jcr:requiredPrimaryTypes" sv:type="Name"><sv:value>nt:base</sv:value></sv:property><sv:property sv:name="jcr:defaultPrimaryType" sv:type="Name"><sv:value>nt:unstructured</sv:value></sv:property><sv:property sv:name="jcr:sameNameSiblings" sv:type="Boolean"><sv:value>true</sv:value></sv:property></sv:node></sv:node><sv:node sv:name="nt:query"><sv:property sv:name="jcr:primaryType" sv:type="Name"><sv:value>nt:nodeType</sv:value></sv:property><sv:property sv:name="jcr:mixinTypes" sv:type="Name"/><sv:property sv:name="jcr:nodeTypeName" sv:type="Name"><sv:value>nt:query</sv:value></sv:property><sv:property sv:name="jcr:supertypes" sv:type="Name"><sv:value>nt:base</sv:value></sv:property><sv:property sv:name="jcr:isMixin" sv:type="Boolean"><sv:value>false</sv:value></sv:property><sv:property sv:name="jcr:hasOrderableChildNodes" sv:type="Boolean"><sv:value>false</sv:value></sv:property><sv:node sv:name="jcr:propertyDefinition"><sv:property sv:name="jcr:primaryType" sv:type="Name"><sv:value>nt:propertyDefinition</sv:value></sv:property><sv:property sv:name="jcr:mixinTypes" sv:type="Name"/><sv:property sv:name="jcr:name" sv:type="Name"><sv:value>jcr:statement</sv:value></sv:property><sv:property sv:name="jcr:autoCreated" sv:type="Boolean"><sv:value>false</sv:value></sv:property><sv:property sv:name="jcr:mandatory" sv:type="Boolean"><sv:value>false</sv:value></sv:property><sv:property sv:name="jcr:onParentVersion" sv:type="String"><sv:value>COPY</sv:value></sv:property><sv:property sv:name="jcr:protected" sv:type="Boolean"><sv:value>false</sv:value></sv:property><sv:property sv:name="jcr:multiple" sv:type="Boolean"><sv:value>false</sv:value></sv:property><sv:property sv:name="jcr:requiredType" sv:type="String"><sv:value>String</sv:value></sv:property><sv:property sv:name="jcr:defaultValues" sv:type="String"/><sv:property sv:name="jcr:valueConstraints" sv:type="String"/></sv:node><sv:node sv:name="jcr:propertyDefinition"><sv:property sv:name="jcr:primaryType" sv:type="Name"><sv:value>nt:propertyDefinition</sv:value></sv:property><sv:property sv:name="jcr:mixinTypes" sv:type="Name"/><sv:property sv:name="jcr:name" sv:type="Name"><sv:value>jcr:language</sv:value></sv:property><sv:property sv:name="jcr:autoCreated" sv:type="Boolean"><sv:value>false</sv:value></sv:property><sv:property sv:name="jcr:mandatory" sv:type="Boolean"><sv:value>false</sv:value></sv:property><sv:property sv:name="jcr:onParentVersion" sv:type="String"><sv:value>COPY</sv:value></sv:property><sv:property sv:name="jcr:protected" sv:type="Boolean"><sv:value>false</sv:value></sv:property><sv:property sv:name="jcr:multiple" sv:type="Boolean"><sv:value>false</sv:value></sv:property><sv:property sv:name="jcr:requiredType" sv:type="String"><sv:value>String</sv:value></sv:property><sv:property sv:name="jcr:defaultValues" sv:type="String"/><sv:property sv:name="jcr:valueConstraints" sv:type="String"/></sv:node></sv:node><sv:node sv:name="rep:versionLabels"><sv:property sv:name="jcr:primaryType" sv:type="Name"><sv:value>nt:nodeType</sv:value></sv:property><sv:property sv:name="jcr:mixinTypes" sv:type="Name"/><sv:property sv:name="jcr:nodeTypeName" sv:type="Name"><sv:value>rep:versionLabels</sv:value></sv:property><sv:property sv:name="jcr:supertypes" sv:type="Name"><sv:value>nt:unstructured</sv:value></sv:property><sv:property sv:name="jcr:isMixin" sv:type="Boolean"><sv:value>false</sv:value></sv:property><sv:property sv:name="jcr:hasOrderableChildNodes" sv:type="Boolean"><sv:value>false</sv:value></sv:property></sv:node><sv:node sv:name="rep:versionStorage"><sv:property sv:name="jcr:primaryType" sv:type="Name"><sv:value>nt:nodeType</sv:value></sv:property><sv:property sv:name="jcr:mixinTypes" sv:type="Name"/><sv:property sv:name="jcr:nodeTypeName" sv:type="Name"><sv:value>rep:versionStorage</sv:value></sv:property><sv:property sv:name="jcr:supertypes" sv:type="Name"><sv:value>nt:base</sv:value></sv:property><sv:property sv:name="jcr:isMixin" sv:type="Boolean"><sv:value>false</sv:value></sv:property><sv:property sv:name="jcr:hasOrderableChildNodes" sv:type="Boolean"><sv:value>false</sv:value></sv:property><sv:node sv:name="jcr:childNodeDefinition"><sv:property sv:name="jcr:primaryType" sv:type="Name"><sv:value>nt:childNodeDefinition</sv:value></sv:property><sv:property sv:name="jcr:mixinTypes" sv:type="Name"/><sv:property sv:name="jcr:autoCreated" sv:type="Boolean"><sv:value>false</sv:value></sv:property><sv:property sv:name="jcr:mandatory" sv:type="Boolean"><sv:value>false</sv:value></sv:property><sv:property sv:name="jcr:onParentVersion" sv:type="String"><sv:value>ABORT</sv:value></sv:property><sv:property sv:name="jcr:protected" sv:type="Boolean"><sv:value>true</sv:value></sv:property><sv:property sv:name="jcr:requiredPrimaryTypes" sv:type="Name"><sv:value>nt:versionHistory</sv:value></sv:property><sv:property sv:name="jcr:defaultPrimaryType" sv:type="Name"><sv:value>nt:versionHistory</sv:value></sv:property><sv:property sv:name="jcr:sameNameSiblings" sv:type="Boolean"><sv:value>true</sv:value></sv:property></sv:node></sv:node><sv:node sv:name="rep:frozenVersionHistory"><sv:property sv:name="jcr:primaryType" sv:type="Name"><sv:value>nt:nodeType</sv:value></sv:property><sv:property sv:name="jcr:mixinTypes" sv:type="Name"/><sv:property sv:name="jcr:nodeTypeName" sv:type="Name"><sv:value>rep:frozenVersionHistory</sv:value></sv:property><sv:property sv:name="jcr:supertypes" sv:type="Name"><sv:value>nt:unstructured</sv:value></sv:property><sv:property sv:name="jcr:isMixin" sv:type="Boolean"><sv:value>false</sv:value></sv:property><sv:property sv:name="jcr:hasOrderableChildNodes" sv:type="Boolean"><sv:value>true</sv:value></sv:property></sv:node><sv:node sv:name="test:setProperty"><sv:property sv:name="jcr:primaryType" sv:type="Name"><sv:value>nt:nodeType</sv:value></sv:property><sv:property sv:name="jcr:mixinTypes" sv:type="Name"/><sv:property sv:name="jcr:nodeTypeName" sv:type="Name"><sv:value>test:setProperty</sv:value></sv:property><sv:property sv:name="jcr:supertypes" sv:type="Name"><sv:value>nt:base</sv:value><sv:value>mix:referenceable</sv:value></sv:property><sv:property sv:name="jcr:isMixin" sv:type="Boolean"><sv:value>false</sv:value></sv:property><sv:property sv:name="jcr:hasOrderableChildNodes" sv:type="Boolean"><sv:value>false</sv:value></sv:property><sv:node sv:name="jcr:propertyDefinition"><sv:property sv:name="jcr:primaryType" sv:type="Name"><sv:value>nt:propertyDefinition</sv:value></sv:property><sv:property sv:name="jcr:mixinTypes" sv:type="Name"/><sv:property sv:name="jcr:autoCreated" sv:type="Boolean"><sv:value>false</sv:value></sv:property><sv:property sv:name="jcr:mandatory" sv:type="Boolean"><sv:value>false</sv:value></sv:property><sv:property sv:name="jcr:onParentVersion" sv:type="String"><sv:value>COPY</sv:value></sv:property><sv:property sv:name="jcr:protected" sv:type="Boolean"><sv:value>false</sv:value></sv:property><sv:property sv:name="jcr:multiple" sv:type="Boolean"><sv:value>false</sv:value></sv:property><sv:property sv:name="jcr:requiredType" sv:type="String"><sv:value>undefined</sv:value></sv:property><sv:property sv:name="jcr:defaultValues" sv:type="String"/><sv:property sv:name="jcr:valueConstraints" sv:type="String"/></sv:node><sv:node sv:name="jcr:propertyDefinition"><sv:property sv:name="jcr:primaryType" sv:type="Name"><sv:value>nt:propertyDefinition</sv:value></sv:property><sv:property sv:name="jcr:mixinTypes" sv:type="Name"/><sv:property sv:name="jcr:name" sv:type="Name"><sv:value>test:multiProperty</sv:value></sv:property><sv:property sv:name="jcr:autoCreated" sv:type="Boolean"><sv:value>false</sv:value></sv:property><sv:property sv:name="jcr:mandatory" sv:type="Boolean"><sv:value>false</sv:value></sv:property><sv:property sv:name="jcr:onParentVersion" sv:type="String"><sv:value>COPY</sv:value></sv:property><sv:property sv:name="jcr:protected" sv:type="Boolean"><sv:value>false</sv:value></sv:property><sv:property sv:name="jcr:multiple" sv:type="Boolean"><sv:value>true</sv:value></sv:property><sv:property sv:name="jcr:requiredType" sv:type="String"><sv:value>undefined</sv:value></sv:property><sv:property sv:name="jcr:defaultValues" sv:type="String"/><sv:property sv:name="jcr:valueConstraints" sv:type="String"/></sv:node><sv:node sv:name="jcr:childNodeDefinition"><sv:property sv:name="jcr:primaryType" sv:type="Name"><sv:value>nt:childNodeDefinition</sv:value></sv:property><sv:property sv:name="jcr:mixinTypes" sv:type="Name"/><sv:property sv:name="jcr:autoCreated" sv:type="Boolean"><sv:value>false</sv:value></sv:property><sv:property sv:name="jcr:mandatory" sv:type="Boolean"><sv:value>false</sv:value></sv:property><sv:property sv:name="jcr:onParentVersion" sv:type="String"><sv:value>COPY</sv:value></sv:property><sv:property sv:name="jcr:protected" sv:type="Boolean"><sv:value>false</sv:value></sv:property><sv:property sv:name="jcr:requiredPrimaryTypes" sv:type="Name"><sv:value>nt:base</sv:value></sv:property><sv:property sv:name="jcr:defaultPrimaryType" sv:type="Name"><sv:value>test:setProperty</sv:value></sv:property><sv:property sv:name="jcr:sameNameSiblings" sv:type="Boolean"><sv:value>false</sv:value></sv:property></sv:node></sv:node><sv:node sv:name="rep:frozen"><sv:property sv:name="jcr:primaryType" sv:type="Name"><sv:value>nt:nodeType</sv:value></sv:property><sv:property sv:name="jcr:mixinTypes" sv:type="Name"/><sv:property sv:name="jcr:nodeTypeName" sv:type="Name"><sv:value>rep:frozen</sv:value></sv:property><sv:property sv:name="jcr:supertypes" sv:type="Name"><sv:value>nt:unstructured</sv:value></sv:property><sv:property sv:name="jcr:isMixin" sv:type="Boolean"><sv:value>false</sv:value></sv:property><sv:property sv:name="jcr:hasOrderableChildNodes" sv:type="Boolean"><sv:value>true</sv:value></sv:property></sv:node><sv:node sv:name="test:setPropertyAssumingType"><sv:property sv:name="jcr:primaryType" sv:type="Name"><sv:value>nt:nodeType</sv:value></sv:property><sv:property sv:name="jcr:mixinTypes" sv:type="Name"/><sv:property sv:name="jcr:nodeTypeName" sv:type="Name"><sv:value>test:setPropertyAssumingType</sv:value></sv:property><sv:property sv:name="jcr:supertypes" sv:type="Name"><sv:value>nt:base</sv:value></sv:property><sv:property sv:name="jcr:isMixin" sv:type="Boolean"><sv:value>false</sv:value></sv:property><sv:property sv:name="jcr:hasOrderableChildNodes" sv:type="Boolean"><sv:value>false</sv:value></sv:property><sv:node sv:name="jcr:propertyDefinition"><sv:property sv:name="jcr:primaryType" sv:type="Name"><sv:value>nt:propertyDefinition</sv:value></sv:property><sv:property sv:name="jcr:mixinTypes" sv:type="Name"/><sv:property sv:name="jcr:name" sv:type="Name"><sv:value>test:singleProperty</sv:value></sv:property><sv:property sv:name="jcr:autoCreated" sv:type="Boolean"><sv:value>false</sv:value></sv:property><sv:property sv:name="jcr:mandatory" sv:type="Boolean"><sv:value>false</sv:value></sv:property><sv:property sv:name="jcr:onParentVersion" sv:type="String"><sv:value>COPY</sv:value></sv:property><sv:property sv:name="jcr:protected" sv:type="Boolean"><sv:value>false</sv:value></sv:property><sv:property sv:name="jcr:multiple" sv:type="Boolean"><sv:value>false</sv:value></sv:property><sv:property sv:name="jcr:requiredType" sv:type="String"><sv:value>undefined</sv:value></sv:property><sv:property sv:name="jcr:defaultValues" sv:type="String"/><sv:property sv:name="jcr:valueConstraints" sv:type="String"/></sv:node><sv:node sv:name="jcr:propertyDefinition"><sv:property sv:name="jcr:primaryType" sv:type="Name"><sv:value>nt:propertyDefinition</sv:value></sv:property><sv:property sv:name="jcr:mixinTypes" sv:type="Name"/><sv:property sv:name="jcr:name" sv:type="Name"><sv:value>test:multiProperty</sv:value></sv:property><sv:property sv:name="jcr:autoCreated" sv:type="Boolean"><sv:value>false</sv:value></sv:property><sv:property sv:name="jcr:mandatory" sv:type="Boolean"><sv:value>false</sv:value></sv:property><sv:property sv:name="jcr:onParentVersion" sv:type="String"><sv:value>COPY</sv:value></sv:property><sv:property sv:name="jcr:protected" sv:type="Boolean"><sv:value>false</sv:value></sv:property><sv:property sv:name="jcr:multiple" sv:type="Boolean"><sv:value>true</sv:value></sv:property><sv:property sv:name="jcr:requiredType" sv:type="String"><sv:value>undefined</sv:value></sv:property><sv:property sv:name="jcr:defaultValues" sv:type="String"/><sv:property sv:name="jcr:valueConstraints" sv:type="String"/></sv:node><sv:node sv:name="jcr:childNodeDefinition"><sv:property sv:name="jcr:primaryType" sv:type="Name"><sv:value>nt:childNodeDefinition</sv:value></sv:property><sv:property sv:name="jcr:mixinTypes" sv:type="Name"/><sv:property sv:name="jcr:autoCreated" sv:type="Boolean"><sv:value>false</sv:value></sv:property><sv:property sv:name="jcr:mandatory" sv:type="Boolean"><sv:value>false</sv:value></sv:property><sv:property sv:name="jcr:onParentVersion" sv:type="String"><sv:value>COPY</sv:value></sv:property><sv:property sv:name="jcr:protected" sv:type="Boolean"><sv:value>false</sv:value></sv:property><sv:property sv:name="jcr:requiredPrimaryTypes" sv:type="Name"><sv:value>nt:base</sv:value></sv:property><sv:property sv:name="jcr:defaultPrimaryType" sv:type="Name"><sv:value>test:setPropertyAssumingType</sv:value></sv:property><sv:property sv:name="jcr:sameNameSiblings" sv:type="Boolean"><sv:value>false</sv:value></sv:property></sv:node></sv:node><sv:node sv:name="test:sameNameSibsFalseChildNodeDefinition"><sv:property sv:name="jcr:primaryType" sv:type="Name"><sv:value>nt:nodeType</sv:value></sv:property><sv:property sv:name="jcr:mixinTypes" sv:type="Name"/><sv:property sv:name="jcr:nodeTypeName" sv:type="Name"><sv:value>test:sameNameSibsFalseChildNodeDefinition</sv:value></sv:property><sv:property sv:name="jcr:supertypes" sv:type="Name"><sv:value>nt:base</sv:value></sv:property><sv:property sv:name="jcr:isMixin" sv:type="Boolean"><sv:value>false</sv:value></sv:property><sv:property sv:name="jcr:hasOrderableChildNodes" sv:type="Boolean"><sv:value>false</sv:value></sv:property><sv:node sv:name="jcr:propertyDefinition"><sv:property sv:name="jcr:primaryType" sv:type="Name"><sv:value>nt:propertyDefinition</sv:value></sv:property><sv:property sv:name="jcr:mixinTypes" sv:type="Name"/><sv:property sv:name="jcr:autoCreated" sv:type="Boolean"><sv:value>false</sv:value></sv:property><sv:property sv:name="jcr:mandatory" sv:type="Boolean"><sv:value>false</sv:value></sv:property><sv:property sv:name="jcr:onParentVersion" sv:type="String"><sv:value>COPY</sv:value></sv:property><sv:property sv:name="jcr:protected" sv:type="Boolean"><sv:value>false</sv:value></sv:property><sv:property sv:name="jcr:multiple" sv:type="Boolean"><sv:value>false</sv:value></sv:property><sv:property sv:name="jcr:requiredType" sv:type="String"><sv:value>undefined</sv:value></sv:property><sv:property sv:name="jcr:defaultValues" sv:type="String"/><sv:property sv:name="jcr:valueConstraints" sv:type="String"/></sv:node><sv:node sv:name="jcr:childNodeDefinition"><sv:property sv:name="jcr:primaryType" sv:type="Name"><sv:value>nt:childNodeDefinition</sv:value></sv:property><sv:property sv:name="jcr:mixinTypes" sv:type="Name"/><sv:property sv:name="jcr:autoCreated" sv:type="Boolean"><sv:value>false</sv:value></sv:property><sv:property sv:name="jcr:mandatory" sv:type="Boolean"><sv:value>false</sv:value></sv:property><sv:property sv:name="jcr:onParentVersion" sv:type="String"><sv:value>COMPUTE</sv:value></sv:property><sv:property sv:name="jcr:protected" sv:type="Boolean"><sv:value>false</sv:value></sv:property><sv:property sv:name="jcr:requiredPrimaryTypes" sv:type="Name"><sv:value>nt:base</sv:value></sv:property><sv:property sv:name="jcr:defaultPrimaryType" sv:type="Name"><sv:value>test:sameNameSibsFalseChildNodeDefinition</sv:value></sv:property><sv:property sv:name="jcr:sameNameSiblings" sv:type="Boolean"><sv:value>false</sv:value></sv:property></sv:node></sv:node><sv:node sv:name="mix:referenceable"><sv:property sv:name="jcr:primaryType" sv:type="Name"><sv:value>nt:nodeType</sv:value></sv:property><sv:property sv:name="jcr:mixinTypes" sv:type="Name"/><sv:property sv:name="jcr:nodeTypeName" sv:type="Name"><sv:value>mix:referenceable</sv:value></sv:property><sv:property sv:name="jcr:supertypes" sv:type="Name"/><sv:property sv:name="jcr:isMixin" sv:type="Boolean"><sv:value>true</sv:value></sv:property><sv:property sv:name="jcr:hasOrderableChildNodes" sv:type="Boolean"><sv:value>false</sv:value></sv:property><sv:node sv:name="jcr:propertyDefinition"><sv:property sv:name="jcr:primaryType" sv:type="Name"><sv:value>nt:propertyDefinition</sv:value></sv:property><sv:property sv:name="jcr:mixinTypes" sv:type="Name"/><sv:property sv:name="jcr:name" sv:type="Name"><sv:value>jcr:uuid</sv:value></sv:property><sv:property sv:name="jcr:autoCreated" sv:type="Boolean"><sv:value>true</sv:value></sv:property><sv:property sv:name="jcr:mandatory" sv:type="Boolean"><sv:value>true</sv:value></sv:property><sv:property sv:name="jcr:onParentVersion" sv:type="String"><sv:value>INITIALIZE</sv:value></sv:property><sv:property sv:name="jcr:protected" sv:type="Boolean"><sv:value>true</sv:value></sv:property><sv:property sv:name="jcr:multiple" sv:type="Boolean"><sv:value>false</sv:value></sv:property><sv:property sv:name="jcr:requiredType" sv:type="String"><sv:value>String</sv:value></sv:property><sv:property sv:name="jcr:defaultValues" sv:type="String"/><sv:property sv:name="jcr:valueConstraints" sv:type="String"/></sv:node></sv:node><sv:node sv:name="nt:versionedChild"><sv:property sv:name="jcr:primaryType" sv:type="Name"><sv:value>nt:nodeType</sv:value></sv:property><sv:property sv:name="jcr:mixinTypes" sv:type="Name"/><sv:property sv:name="jcr:nodeTypeName" sv:type="Name"><sv:value>nt:versionedChild</sv:value></sv:property><sv:property sv:name="jcr:supertypes" sv:type="Name"><sv:value>nt:base</sv:value></sv:property><sv:property sv:name="jcr:isMixin" sv:type="Boolean"><sv:value>false</sv:value></sv:property><sv:property sv:name="jcr:hasOrderableChildNodes" sv:type="Boolean"><sv:value>false</sv:value></sv:property><sv:node sv:name="jcr:propertyDefinition"><sv:property sv:name="jcr:primaryType" sv:type="Name"><sv:value>nt:propertyDefinition</sv:value></sv:property><sv:property sv:name="jcr:mixinTypes" sv:type="Name"/><sv:property sv:name="jcr:name" sv:type="Name"><sv:value>jcr:childVersionHistory</sv:value></sv:property><sv:property sv:name="jcr:autoCreated" sv:type="Boolean"><sv:value>true</sv:value></sv:property><sv:property sv:name="jcr:mandatory" sv:type="Boolean"><sv:value>true</sv:value></sv:property><sv:property sv:name="jcr:onParentVersion" sv:type="String"><sv:value>ABORT</sv:value></sv:property><sv:property sv:name="jcr:protected" sv:type="Boolean"><sv:value>true</sv:value></sv:property><sv:property sv:name="jcr:multiple" sv:type="Boolean"><sv:value>false</sv:value></sv:property><sv:property sv:name="jcr:requiredType" sv:type="String"><sv:value>Reference</sv:value></sv:property><sv:property sv:name="jcr:defaultValues" sv:type="String"/><sv:property sv:name="jcr:valueConstraints" sv:type="String"><sv:value>nt:versionHistory</sv:value></sv:property></sv:node></sv:node><sv:node sv:name="nt:childNodeDefinition"><sv:property sv:name="jcr:primaryType" sv:type="Name"><sv:value>nt:nodeType</sv:value></sv:property><sv:property sv:name="jcr:mixinTypes" sv:type="Name"/><sv:property sv:name="jcr:nodeTypeName" sv:type="Name"><sv:value>nt:childNodeDefinition</sv:value></sv:property><sv:property sv:name="jcr:supertypes" sv:type="Name"><sv:value>nt:base</sv:value></sv:property><sv:property sv:name="jcr:isMixin" sv:type="Boolean"><sv:value>false</sv:value></sv:property><sv:property sv:name="jcr:hasOrderableChildNodes" sv:type="Boolean"><sv:value>false</sv:value></sv:property><sv:node sv:name="jcr:propertyDefinition"><sv:property sv:name="jcr:primaryType" sv:type="Name"><sv:value>nt:propertyDefinition</sv:value></sv:property><sv:property sv:name="jcr:mixinTypes" sv:type="Name"/><sv:property sv:name="jcr:name" sv:type="Name"><sv:value>jcr:name</sv:value></sv:property><sv:property sv:name="jcr:autoCreated" sv:type="Boolean"><sv:value>false</sv:value></sv:property><sv:property sv:name="jcr:mandatory" sv:type="Boolean"><sv:value>false</sv:value></sv:property><sv:property sv:name="jcr:onParentVersion" sv:type="String"><sv:value>COPY</sv:value></sv:property><sv:property sv:name="jcr:protected" sv:type="Boolean"><sv:value>false</sv:value></sv:property><sv:property sv:name="jcr:multiple" sv:type="Boolean"><sv:value>false</sv:value></sv:property><sv:property sv:name="jcr:requiredType" sv:type="String"><sv:value>Name</sv:value></sv:property><sv:property sv:name="jcr:defaultValues" sv:type="String"/><sv:property sv:name="jcr:valueConstraints" sv:type="String"/></sv:node><sv:node sv:name="jcr:propertyDefinition"><sv:property sv:name="jcr:primaryType" sv:type="Name"><sv:value>nt:propertyDefinition</sv:value></sv:property><sv:property sv:name="jcr:mixinTypes" sv:type="Name"/><sv:property sv:name="jcr:name" sv:type="Name"><sv:value>jcr:autoCreated</sv:value></sv:property><sv:property sv:name="jcr:autoCreated" sv:type="Boolean"><sv:value>false</sv:value></sv:property><sv:property sv:name="jcr:mandatory" sv:type="Boolean"><sv:value>true</sv:value></sv:property><sv:property sv:name="jcr:onParentVersion" sv:type="String"><sv:value>COPY</sv:value></sv:property><sv:property sv:name="jcr:protected" sv:type="Boolean"><sv:value>false</sv:value></sv:property><sv:property sv:name="jcr:multiple" sv:type="Boolean"><sv:value>false</sv:value></sv:property><sv:property sv:name="jcr:requiredType" sv:type="String"><sv:value>Boolean</sv:value></sv:property><sv:property sv:name="jcr:defaultValues" sv:type="String"/><sv:property sv:name="jcr:valueConstraints" sv:type="String"/></sv:node><sv:node sv:name="jcr:propertyDefinition"><sv:property sv:name="jcr:primaryType" sv:type="Name"><sv:value>nt:propertyDefinition</sv:value></sv:property><sv:property sv:name="jcr:mixinTypes" sv:type="Name"/><sv:property sv:name="jcr:name" sv:type="Name"><sv:value>jcr:mandatory</sv:value></sv:property><sv:property sv:name="jcr:autoCreated" sv:type="Boolean"><sv:value>false</sv:value></sv:property><sv:property sv:name="jcr:mandatory" sv:type="Boolean"><sv:value>true</sv:value></sv:property><sv:property sv:name="jcr:onParentVersion" sv:type="String"><sv:value>COPY</sv:value></sv:property><sv:property sv:name="jcr:protected" sv:type="Boolean"><sv:value>false</sv:value></sv:property><sv:property sv:name="jcr:multiple" sv:type="Boolean"><sv:value>false</sv:value></sv:property><sv:property sv:name="jcr:requiredType" sv:type="String"><sv:value>Boolean</sv:value></sv:property><sv:property sv:name="jcr:defaultValues" sv:type="String"/><sv:property sv:name="jcr:valueConstraints" sv:type="String"/></sv:node><sv:node sv:name="jcr:propertyDefinition"><sv:property sv:name="jcr:primaryType" sv:type="Name"><sv:value>nt:propertyDefinition</sv:value></sv:property><sv:property sv:name="jcr:mixinTypes" sv:type="Name"/><sv:property sv:name="jcr:name" sv:type="Name"><sv:value>jcr:onParentVersion</sv:value></sv:property><sv:property sv:name="jcr:autoCreated" sv:type="Boolean"><sv:value>false</sv:value></sv:property><sv:property sv:name="jcr:mandatory" sv:type="Boolean"><sv:value>true</sv:value></sv:property><sv:property sv:name="jcr:onParentVersion" sv:type="String"><sv:value>COPY</sv:value></sv:property><sv:property sv:name="jcr:protected" sv:type="Boolean"><sv:value>false</sv:value></sv:property><sv:property sv:name="jcr:multiple" sv:type="Boolean"><sv:value>false</sv:value></sv:property><sv:property sv:name="jcr:requiredType" sv:type="String"><sv:value>String</sv:value></sv:property><sv:property sv:name="jcr:defaultValues" sv:type="String"/><sv:property sv:name="jcr:valueConstraints" sv:type="String"><sv:value>COPY</sv:value><sv:value>VERSION</sv:value><sv:value>INITIALIZE</sv:value><sv:value>COMPUTE</sv:value><sv:value>IGNORE</sv:value></sv:property></sv:node><sv:node sv:name="jcr:propertyDefinition"><sv:property sv:name="jcr:primaryType" sv:type="Name"><sv:value>nt:propertyDefinition</sv:value></sv:property><sv:property sv:name="jcr:mixinTypes" sv:type="Name"/><sv:property sv:name="jcr:name" sv:type="Name"><sv:value>jcr:protected</sv:value></sv:property><sv:property sv:name="jcr:autoCreated" sv:type="Boolean"><sv:value>false</sv:value></sv:property><sv:property sv:name="jcr:mandatory" sv:type="Boolean"><sv:value>true</sv:value></sv:property><sv:property sv:name="jcr:onParentVersion" sv:type="String"><sv:value>COPY</sv:value></sv:property><sv:property sv:name="jcr:protected" sv:type="Boolean"><sv:value>false</sv:value></sv:property><sv:property sv:name="jcr:multiple" sv:type="Boolean"><sv:value>false</sv:value></sv:property><sv:property sv:name="jcr:requiredType" sv:type="String"><sv:value>Boolean</sv:value></sv:property><sv:property sv:name="jcr:defaultValues" sv:type="String"/><sv:property sv:name="jcr:valueConstraints" sv:type="String"/></sv:node><sv:node sv:name="jcr:propertyDefinition"><sv:property sv:name="jcr:primaryType" sv:type="Name"><sv:value>nt:propertyDefinition</sv:value></sv:property><sv:property sv:name="jcr:mixinTypes" sv:type="Name"/><sv:property sv:name="jcr:name" sv:type="Name"><sv:value>jcr:requiredPrimaryTypes</sv:value></sv:property><sv:property sv:name="jcr:autoCreated" sv:type="Boolean"><sv:value>false</sv:value></sv:property><sv:property sv:name="jcr:mandatory" sv:type="Boolean"><sv:value>true</sv:value></sv:property><sv:property sv:name="jcr:onParentVersion" sv:type="String"><sv:value>COPY</sv:value></sv:property><sv:property sv:name="jcr:protected" sv:type="Boolean"><sv:value>false</sv:value></sv:property><sv:property sv:name="jcr:multiple" sv:type="Boolean"><sv:value>true</sv:value></sv:property><sv:property sv:name="jcr:requiredType" sv:type="String"><sv:value>Name</sv:value></sv:property><sv:property sv:name="jcr:defaultValues" sv:type="String"><sv:value>nt:base</sv:value></sv:property><sv:property sv:name="jcr:valueConstraints" sv:type="String"/></sv:node><sv:node sv:name="jcr:propertyDefinition"><sv:property sv:name="jcr:primaryType" sv:type="Name"><sv:value>nt:propertyDefinition</sv:value></sv:property><sv:property sv:name="jcr:mixinTypes" sv:type="Name"/><sv:property sv:name="jcr:name" sv:type="Name"><sv:value>jcr:defaultPrimaryType</sv:value></sv:property><sv:property sv:name="jcr:autoCreated" sv:type="Boolean"><sv:value>false</sv:value></sv:property><sv:property sv:name="jcr:mandatory" sv:type="Boolean"><sv:value>false</sv:value></sv:property><sv:property sv:name="jcr:onParentVersion" sv:type="String"><sv:value>COPY</sv:value></sv:property><sv:property sv:name="jcr:protected" sv:type="Boolean"><sv:value>false</sv:value></sv:property><sv:property sv:name="jcr:multiple" sv:type="Boolean"><sv:value>false</sv:value></sv:property><sv:property sv:name="jcr:requiredType" sv:type="String"><sv:value>Name</sv:value></sv:property><sv:property sv:name="jcr:defaultValues" sv:type="String"/><sv:property sv:name="jcr:valueConstraints" sv:type="String"/></sv:node><sv:node sv:name="jcr:propertyDefinition"><sv:property sv:name="jcr:primaryType" sv:type="Name"><sv:value>nt:propertyDefinition</sv:value></sv:property><sv:property sv:name="jcr:mixinTypes" sv:type="Name"/><sv:property sv:name="jcr:name" sv:type="Name"><sv:value>jcr:sameNameSiblings</sv:value></sv:property><sv:property sv:name="jcr:autoCreated" sv:type="Boolean"><sv:value>false</sv:value></sv:property><sv:property sv:name="jcr:mandatory" sv:type="Boolean"><sv:value>true</sv:value></sv:property><sv:property sv:name="jcr:onParentVersion" sv:type="String"><sv:value>COPY</sv:value></sv:property><sv:property sv:name="jcr:protected" sv:type="Boolean"><sv:value>false</sv:value></sv:property><sv:property sv:name="jcr:multiple" sv:type="Boolean"><sv:value>false</sv:value></sv:property><sv:property sv:name="jcr:requiredType" sv:type="String"><sv:value>Boolean</sv:value></sv:property><sv:property sv:name="jcr:defaultValues" sv:type="String"/><sv:property sv:name="jcr:valueConstraints" sv:type="String"/></sv:node></sv:node><sv:node sv:name="nt:file"><sv:property sv:name="jcr:primaryType" sv:type="Name"><sv:value>nt:nodeType</sv:value></sv:property><sv:property sv:name="jcr:mixinTypes" sv:type="Name"/><sv:property sv:name="jcr:nodeTypeName" sv:type="Name"><sv:value>nt:file</sv:value></sv:property><sv:property sv:name="jcr:supertypes" sv:type="Name"><sv:value>nt:hierarchyNode</sv:value></sv:property><sv:property sv:name="jcr:isMixin" sv:type="Boolean"><sv:value>false</sv:value></sv:property><sv:property sv:name="jcr:hasOrderableChildNodes" sv:type="Boolean"><sv:value>false</sv:value></sv:property><sv:property sv:name="jcr:primaryItemName" sv:type="Name"><sv:value>jcr:content</sv:value></sv:property><sv:node sv:name="jcr:childNodeDefinition"><sv:property sv:name="jcr:primaryType" sv:type="Name"><sv:value>nt:childNodeDefinition</sv:value></sv:property><sv:property sv:name="jcr:mixinTypes" sv:type="Name"/><sv:property sv:name="jcr:name" sv:type="Name"><sv:value>jcr:content</sv:value></sv:property><sv:property sv:name="jcr:autoCreated" sv:type="Boolean"><sv:value>false</sv:value></sv:property><sv:property sv:name="jcr:mandatory" sv:type="Boolean"><sv:value>true</sv:value></sv:property><sv:property sv:name="jcr:onParentVersion" sv:type="String"><sv:value>COPY</sv:value></sv:property><sv:property sv:name="jcr:protected" sv:type="Boolean"><sv:value>false</sv:value></sv:property><sv:property sv:name="jcr:requiredPrimaryTypes" sv:type="Name"><sv:value>nt:base</sv:value></sv:property><sv:property sv:name="jcr:sameNameSiblings" sv:type="Boolean"><sv:value>false</sv:value></sv:property></sv:node></sv:node><sv:node sv:name="nt:version"><sv:property sv:name="jcr:primaryType" sv:type="Name"><sv:value>nt:nodeType</sv:value></sv:property><sv:property sv:name="jcr:mixinTypes" sv:type="Name"/><sv:property sv:name="jcr:nodeTypeName" sv:type="Name"><sv:value>nt:version</sv:value></sv:property><sv:property sv:name="jcr:supertypes" sv:type="Name"><sv:value>nt:base</sv:value><sv:value>mix:referenceable</sv:value></sv:property><sv:property sv:name="jcr:isMixin" sv:type="Boolean"><sv:value>false</sv:value></sv:property><sv:property sv:name="jcr:hasOrderableChildNodes" sv:type="Boolean"><sv:value>false</sv:value></sv:property><sv:node sv:name="jcr:propertyDefinition"><sv:property sv:name="jcr:primaryType" sv:type="Name"><sv:value>nt:propertyDefinition</sv:value></sv:property><sv:property sv:name="jcr:mixinTypes" sv:type="Name"/><sv:property sv:name="jcr:name" sv:type="Name"><sv:value>jcr:created</sv:value></sv:property><sv:property sv:name="jcr:autoCreated" sv:type="Boolean"><sv:value>true</sv:value></sv:property><sv:property sv:name="jcr:mandatory" sv:type="Boolean"><sv:value>true</sv:value></sv:property><sv:property sv:name="jcr:onParentVersion" sv:type="String"><sv:value>ABORT</sv:value></sv:property><sv:property sv:name="jcr:protected" sv:type="Boolean"><sv:value>true</sv:value></sv:property><sv:property sv:name="jcr:multiple" sv:type="Boolean"><sv:value>false</sv:value></sv:property><sv:property sv:name="jcr:requiredType" sv:type="String"><sv:value>Date</sv:value></sv:property><sv:property sv:name="jcr:defaultValues" sv:type="String"/><sv:property sv:name="jcr:valueConstraints" sv:type="String"/></sv:node><sv:node sv:name="jcr:propertyDefinition"><sv:property sv:name="jcr:primaryType" sv:type="Name"><sv:value>nt:propertyDefinition</sv:value></sv:property><sv:property sv:name="jcr:mixinTypes" sv:type="Name"/><sv:property sv:name="jcr:name" sv:type="Name"><sv:value>jcr:predecessors</sv:value></sv:property><sv:property sv:name="jcr:autoCreated" sv:type="Boolean"><sv:value>false</sv:value></sv:property><sv:property sv:name="jcr:mandatory" sv:type="Boolean"><sv:value>false</sv:value></sv:property><sv:property sv:name="jcr:onParentVersion" sv:type="String"><sv:value>ABORT</sv:value></sv:property><sv:property sv:name="jcr:protected" sv:type="Boolean"><sv:value>true</sv:value></sv:property><sv:property sv:name="jcr:multiple" sv:type="Boolean"><sv:value>true</sv:value></sv:property><sv:property sv:name="jcr:requiredType" sv:type="String"><sv:value>Reference</sv:value></sv:property><sv:property sv:name="jcr:defaultValues" sv:type="String"/><sv:property sv:name="jcr:valueConstraints" sv:type="String"><sv:value>nt:version</sv:value></sv:property></sv:node><sv:node sv:name="jcr:propertyDefinition"><sv:property sv:name="jcr:primaryType" sv:type="Name"><sv:value>nt:propertyDefinition</sv:value></sv:property><sv:property sv:name="jcr:mixinTypes" sv:type="Name"/><sv:property sv:name="jcr:name" sv:type="Name"><sv:value>jcr:successors</sv:value></sv:property><sv:property sv:name="jcr:autoCreated" sv:type="Boolean"><sv:value>false</sv:value></sv:property><sv:property sv:name="jcr:mandatory" sv:type="Boolean"><sv:value>false</sv:value></sv:property><sv:property sv:name="jcr:onParentVersion" sv:type="String"><sv:value>ABORT</sv:value></sv:property><sv:property sv:name="jcr:protected" sv:type="Boolean"><sv:value>true</sv:value></sv:property><sv:property sv:name="jcr:multiple" sv:type="Boolean"><sv:value>true</sv:value></sv:property><sv:property sv:name="jcr:requiredType" sv:type="String"><sv:value>Reference</sv:value></sv:property><sv:property sv:name="jcr:defaultValues" sv:type="String"/><sv:property sv:name="jcr:valueConstraints" sv:type="String"><sv:value>nt:version</sv:value></sv:property></sv:node><sv:node sv:name="jcr:childNodeDefinition"><sv:property sv:name="jcr:primaryType" sv:type="Name"><sv:value>nt:childNodeDefinition</sv:value></sv:property><sv:property sv:name="jcr:mixinTypes" sv:type="Name"/><sv:property sv:name="jcr:name" sv:type="Name"><sv:value>jcr:frozenNode</sv:value></sv:property><sv:property sv:name="jcr:autoCreated" sv:type="Boolean"><sv:value>false</sv:value></sv:property><sv:property sv:name="jcr:mandatory" sv:type="Boolean"><sv:value>false</sv:value></sv:property><sv:property sv:name="jcr:onParentVersion" sv:type="String"><sv:value>ABORT</sv:value></sv:property><sv:property sv:name="jcr:protected" sv:type="Boolean"><sv:value>true</sv:value></sv:property><sv:property sv:name="jcr:requiredPrimaryTypes" sv:type="Name"><sv:value>nt:frozenNode</sv:value></sv:property><sv:property sv:name="jcr:sameNameSiblings" sv:type="Boolean"><sv:value>false</sv:value></sv:property></sv:node></sv:node><sv:node sv:name="nt:versionHistory"><sv:property sv:name="jcr:primaryType" sv:type="Name"><sv:value>nt:nodeType</sv:value></sv:property><sv:property sv:name="jcr:mixinTypes" sv:type="Name"/><sv:property sv:name="jcr:nodeTypeName" sv:type="Name"><sv:value>nt:versionHistory</sv:value></sv:property><sv:property sv:name="jcr:supertypes" sv:type="Name"><sv:value>nt:base</sv:value><sv:value>mix:referenceable</sv:value></sv:property><sv:property sv:name="jcr:isMixin" sv:type="Boolean"><sv:value>false</sv:value></sv:property><sv:property sv:name="jcr:hasOrderableChildNodes" sv:type="Boolean"><sv:value>false</sv:value></sv:property><sv:node sv:name="jcr:propertyDefinition"><sv:property sv:name="jcr:primaryType" sv:type="Name"><sv:value>nt:propertyDefinition</sv:value></sv:property><sv:property sv:name="jcr:mixinTypes" sv:type="Name"/><sv:property sv:name="jcr:name" sv:type="Name"><sv:value>jcr:versionableUuid</sv:value></sv:property><sv:property sv:name="jcr:autoCreated" sv:type="Boolean"><sv:value>true</sv:value></sv:property><sv:property sv:name="jcr:mandatory" sv:type="Boolean"><sv:value>true</sv:value></sv:property><sv:property sv:name="jcr:onParentVersion" sv:type="String"><sv:value>ABORT</sv:value></sv:property><sv:property sv:name="jcr:protected" sv:type="Boolean"><sv:value>true</sv:value></sv:property><sv:property sv:name="jcr:multiple" sv:type="Boolean"><sv:value>false</sv:value></sv:property><sv:property sv:name="jcr:requiredType" sv:type="String"><sv:value>String</sv:value></sv:property><sv:property sv:name="jcr:defaultValues" sv:type="String"/><sv:property sv:name="jcr:valueConstraints" sv:type="String"/></sv:node><sv:node sv:name="jcr:childNodeDefinition"><sv:property sv:name="jcr:primaryType" sv:type="Name"><sv:value>nt:childNodeDefinition</sv:value></sv:property><sv:property sv:name="jcr:mixinTypes" sv:type="Name"/><sv:property sv:name="jcr:name" sv:type="Name"><sv:value>jcr:rootVersion</sv:value></sv:property><sv:property sv:name="jcr:autoCreated" sv:type="Boolean"><sv:value>true</sv:value></sv:property><sv:property sv:name="jcr:mandatory" sv:type="Boolean"><sv:value>true</sv:value></sv:property><sv:property sv:name="jcr:onParentVersion" sv:type="String"><sv:value>ABORT</sv:value></sv:property><sv:property sv:name="jcr:protected" sv:type="Boolean"><sv:value>true</sv:value></sv:property><sv:property sv:name="jcr:requiredPrimaryTypes" sv:type="Name"><sv:value>nt:version</sv:value></sv:property><sv:property sv:name="jcr:defaultPrimaryType" sv:type="Name"><sv:value>nt:version</sv:value></sv:property><sv:property sv:name="jcr:sameNameSiblings" sv:type="Boolean"><sv:value>false</sv:value></sv:property></sv:node><sv:node sv:name="jcr:childNodeDefinition"><sv:property sv:name="jcr:primaryType" sv:type="Name"><sv:value>nt:childNodeDefinition</sv:value></sv:property><sv:property sv:name="jcr:mixinTypes" sv:type="Name"/><sv:property sv:name="jcr:name" sv:type="Name"><sv:value>jcr:versionLabels</sv:value></sv:property><sv:property sv:name="jcr:autoCreated" sv:type="Boolean"><sv:value>true</sv:value></sv:property><sv:property sv:name="jcr:mandatory" sv:type="Boolean"><sv:value>true</sv:value></sv:property><sv:property sv:name="jcr:onParentVersion" sv:type="String"><sv:value>ABORT</sv:value></sv:property><sv:property sv:name="jcr:protected" sv:type="Boolean"><sv:value>true</sv:value></sv:property><sv:property sv:name="jcr:requiredPrimaryTypes" sv:type="Name"><sv:value>nt:versionLabels</sv:value></sv:property><sv:property sv:name="jcr:defaultPrimaryType" sv:type="Name"><sv:value>nt:versionLabels</sv:value></sv:property><sv:property sv:name="jcr:sameNameSiblings" sv:type="Boolean"><sv:value>false</sv:value></sv:property></sv:node><sv:node sv:name="jcr:childNodeDefinition"><sv:property sv:name="jcr:primaryType" sv:type="Name"><sv:value>nt:childNodeDefinition</sv:value></sv:property><sv:property sv:name="jcr:mixinTypes" sv:type="Name"/><sv:property sv:name="jcr:autoCreated" sv:type="Boolean"><sv:value>false</sv:value></sv:property><sv:property sv:name="jcr:mandatory" sv:type="Boolean"><sv:value>false</sv:value></sv:property><sv:property sv:name="jcr:onParentVersion" sv:type="String"><sv:value>ABORT</sv:value></sv:property><sv:property sv:name="jcr:protected" sv:type="Boolean"><sv:value>true</sv:value></sv:property><sv:property sv:name="jcr:requiredPrimaryTypes" sv:type="Name"><sv:value>nt:version</sv:value></sv:property><sv:property sv:name="jcr:defaultPrimaryType" sv:type="Name"><sv:value>nt:version</sv:value></sv:property><sv:property sv:name="jcr:sameNameSiblings" sv:type="Boolean"><sv:value>false</sv:value></sv:property></sv:node></sv:node><sv:node sv:name="test:canAddChildNode"><sv:property sv:name="jcr:primaryType" sv:type="Name"><sv:value>nt:nodeType</sv:value></sv:property><sv:property sv:name="jcr:mixinTypes" sv:type="Name"/><sv:property sv:name="jcr:nodeTypeName" sv:type="Name"><sv:value>test:canAddChildNode</sv:value></sv:property><sv:property sv:name="jcr:supertypes" sv:type="Name"><sv:value>nt:base</sv:value></sv:property><sv:property sv:name="jcr:isMixin" sv:type="Boolean"><sv:value>false</sv:value></sv:property><sv:property sv:name="jcr:hasOrderableChildNodes" sv:type="Boolean"><sv:value>false</sv:value></sv:property><sv:node sv:name="jcr:childNodeDefinition"><sv:property sv:name="jcr:primaryType" sv:type="Name"><sv:value>nt:childNodeDefinition</sv:value></sv:property><sv:property sv:name="jcr:mixinTypes" sv:type="Name"/><sv:property sv:name="jcr:name" sv:type="Name"><sv:value>testChildWithDefaultType</sv:value></sv:property><sv:property sv:name="jcr:autoCreated" sv:type="Boolean"><sv:value>false</sv:value></sv:property><sv:property sv:name="jcr:mandatory" sv:type="Boolean"><sv:value>false</sv:value></sv:property><sv:property sv:name="jcr:onParentVersion" sv:type="String"><sv:value>COPY</sv:value></sv:property><sv:property sv:name="jcr:protected" sv:type="Boolean"><sv:value>false</sv:value></sv:property><sv:property sv:name="jcr:requiredPrimaryTypes" sv:type="Name"><sv:value>nt:base</sv:value></sv:property><sv:property sv:name="jcr:defaultPrimaryType" sv:type="Name"><sv:value>nt:base</sv:value></sv:property><sv:property sv:name="jcr:sameNameSiblings" sv:type="Boolean"><sv:value>false</sv:value></sv:property></sv:node><sv:node sv:name="jcr:childNodeDefinition"><sv:property sv:name="jcr:primaryType" sv:type="Name"><sv:value>nt:childNodeDefinition</sv:value></sv:property><sv:property sv:name="jcr:mixinTypes" sv:type="Name"/><sv:property sv:name="jcr:name" sv:type="Name"><sv:value>testChildWithoutDefaultType</sv:value></sv:property><sv:property sv:name="jcr:autoCreated" sv:type="Boolean"><sv:value>false</sv:value></sv:property><sv:property sv:name="jcr:mandatory" sv:type="Boolean"><sv:value>false</sv:value></sv:property><sv:property sv:name="jcr:onParentVersion" sv:type="String"><sv:value>COPY</sv:value></sv:property><sv:property sv:name="jcr:protected" sv:type="Boolean"><sv:value>false</sv:value></sv:property><sv:property sv:name="jcr:requiredPrimaryTypes" sv:type="Name"><sv:value>nt:base</sv:value></sv:property><sv:property sv:name="jcr:sameNameSiblings" sv:type="Boolean"><sv:value>false</sv:value></sv:property></sv:node></sv:node><sv:node sv:name="nt:linkedFile"><sv:property sv:name="jcr:primaryType" sv:type="Name"><sv:value>nt:nodeType</sv:value></sv:property><sv:property sv:name="jcr:mixinTypes" sv:type="Name"/><sv:property sv:name="jcr:nodeTypeName" sv:type="Name"><sv:value>nt:linkedFile</sv:value></sv:property><sv:property sv:name="jcr:supertypes" sv:type="Name"><sv:value>nt:hierarchyNode</sv:value></sv:property><sv:property sv:name="jcr:isMixin" sv:type="Boolean"><sv:value>false</sv:value></sv:property><sv:property sv:name="jcr:hasOrderableChildNodes" sv:type="Boolean"><sv:value>false</sv:value></sv:property><sv:property sv:name="jcr:primaryItemName" sv:type="Name"><sv:value>jcr:content</sv:value></sv:property><sv:node sv:name="jcr:propertyDefinition"><sv:property sv:name="jcr:primaryType" sv:type="Name"><sv:value>nt:propertyDefinition</sv:value></sv:property><sv:property sv:name="jcr:mixinTypes" sv:type="Name"/><sv:property sv:name="jcr:name" sv:type="Name"><sv:value>jcr:content</sv:value></sv:property><sv:property sv:name="jcr:autoCreated" sv:type="Boolean"><sv:value>false</sv:value></sv:property><sv:property sv:name="jcr:mandatory" sv:type="Boolean"><sv:value>true</sv:value></sv:property><sv:property sv:name="jcr:onParentVersion" sv:type="String"><sv:value>COPY</sv:value></sv:property><sv:property sv:name="jcr:protected" sv:type="Boolean"><sv:value>false</sv:value></sv:property><sv:property sv:name="jcr:multiple" sv:type="Boolean"><sv:value>false</sv:value></sv:property><sv:property sv:name="jcr:requiredType" sv:type="String"><sv:value>Reference</sv:value></sv:property><sv:property sv:name="jcr:defaultValues" sv:type="String"/><sv:property sv:name="jcr:valueConstraints" sv:type="String"/></sv:node></sv:node><sv:node sv:name="test:versionable"><sv:property sv:name="jcr:primaryType" sv:type="Name"><sv:value>nt:nodeType</sv:value></sv:property><sv:property sv:name="jcr:mixinTypes" sv:type="Name"/><sv:property sv:name="jcr:nodeTypeName" sv:type="Name"><sv:value>test:versionable</sv:value></sv:property><sv:property sv:name="jcr:supertypes" sv:type="Name"><sv:value>mix:versionable</sv:value><sv:value>nt:base</sv:value></sv:property><sv:property sv:name="jcr:isMixin" sv:type="Boolean"><sv:value>false</sv:value></sv:property><sv:property sv:name="jcr:hasOrderableChildNodes" sv:type="Boolean"><sv:value>false</sv:value></sv:property><sv:node sv:name="jcr:propertyDefinition"><sv:property sv:name="jcr:primaryType" sv:type="Name"><sv:value>nt:propertyDefinition</sv:value></sv:property><sv:property sv:name="jcr:mixinTypes" sv:type="Name"/><sv:property sv:name="jcr:autoCreated" sv:type="Boolean"><sv:value>false</sv:value></sv:property><sv:property sv:name="jcr:mandatory" sv:type="Boolean"><sv:value>false</sv:value></sv:property><sv:property sv:name="jcr:onParentVersion" sv:type="String"><sv:value>COPY</sv:value></sv:property><sv:property sv:name="jcr:protected" sv:type="Boolean"><sv:value>false</sv:value></sv:property><sv:property sv:name="jcr:multiple" sv:type="Boolean"><sv:value>false</sv:value></sv:property><sv:property sv:name="jcr:requiredType" sv:type="String"><sv:value>undefined</sv:value></sv:property><sv:property sv:name="jcr:defaultValues" sv:type="String"/><sv:property sv:name="jcr:valueConstraints" sv:type="String"/></sv:node><sv:node sv:name="jcr:propertyDefinition"><sv:property sv:name="jcr:primaryType" sv:type="Name"><sv:value>nt:propertyDefinition</sv:value></sv:property><sv:property sv:name="jcr:mixinTypes" sv:type="Name"/><sv:property sv:name="jcr:name" sv:type="Name"><sv:value>test:copyOnParentVersionProp</sv:value></sv:property><sv:property sv:name="jcr:autoCreated" sv:type="Boolean"><sv:value>false</sv:value></sv:property><sv:property sv:name="jcr:mandatory" sv:type="Boolean"><sv:value>false</sv:value></sv:property><sv:property sv:name="jcr:onParentVersion" sv:type="String"><sv:value>COPY</sv:value></sv:property><sv:property sv:name="jcr:protected" sv:type="Boolean"><sv:value>false</sv:value></sv:property><sv:property sv:name="jcr:multiple" sv:type="Boolean"><sv:value>false</sv:value></sv:property><sv:property sv:name="jcr:requiredType" sv:type="String"><sv:value>String</sv:value></sv:property><sv:property sv:name="jcr:defaultValues" sv:type="String"/><sv:property sv:name="jcr:valueConstraints" sv:type="String"/></sv:node><sv:node sv:name="jcr:propertyDefinition"><sv:property sv:name="jcr:primaryType" sv:type="Name"><sv:value>nt:propertyDefinition</sv:value></sv:property><sv:property sv:name="jcr:mixinTypes" sv:type="Name"/><sv:property sv:name="jcr:name" sv:type="Name"><sv:value>test:versionOnParentVersionProp</sv:value></sv:property><sv:property sv:name="jcr:autoCreated" sv:type="Boolean"><sv:value>false</sv:value></sv:property><sv:property sv:name="jcr:mandatory" sv:type="Boolean"><sv:value>false</sv:value></sv:property><sv:property sv:name="jcr:onParentVersion" sv:type="String"><sv:value>VERSION</sv:value></sv:property><sv:property sv:name="jcr:protected" sv:type="Boolean"><sv:value>false</sv:value></sv:property><sv:property sv:name="jcr:multiple" sv:type="Boolean"><sv:value>false</sv:value></sv:property><sv:property sv:name="jcr:requiredType" sv:type="String"><sv:value>String</sv:value></sv:property><sv:property sv:name="jcr:defaultValues" sv:type="String"/><sv:property sv:name="jcr:valueConstraints" sv:type="String"/></sv:node><sv:node sv:name="jcr:propertyDefinition"><sv:property sv:name="jcr:primaryType" sv:type="Name"><sv:value>nt:propertyDefinition</sv:value></sv:property><sv:property sv:name="jcr:mixinTypes" sv:type="Name"/><sv:property sv:name="jcr:name" sv:type="Name"><sv:value>test:initializeOnParentVersionProp</sv:value></sv:property><sv:property sv:name="jcr:autoCreated" sv:type="Boolean"><sv:value>false</sv:value></sv:property><sv:property sv:name="jcr:mandatory" sv:type="Boolean"><sv:value>false</sv:value></sv:property><sv:property sv:name="jcr:onParentVersion" sv:type="String"><sv:value>INITIALIZE</sv:value></sv:property><sv:property sv:name="jcr:protected" sv:type="Boolean"><sv:value>false</sv:value></sv:property><sv:property sv:name="jcr:multiple" sv:type="Boolean"><sv:value>false</sv:value></sv:property><sv:property sv:name="jcr:requiredType" sv:type="String"><sv:value>String</sv:value></sv:property><sv:property sv:name="jcr:defaultValues" sv:type="String"/><sv:property sv:name="jcr:valueConstraints" sv:type="String"/></sv:node><sv:node sv:name="jcr:propertyDefinition"><sv:property sv:name="jcr:primaryType" sv:type="Name"><sv:value>nt:propertyDefinition</sv:value></sv:property><sv:property sv:name="jcr:mixinTypes" sv:type="Name"/><sv:property sv:name="jcr:name" sv:type="Name"><sv:value>test:computeOnParentVersionProp</sv:value></sv:property><sv:property sv:name="jcr:autoCreated" sv:type="Boolean"><sv:value>false</sv:value></sv:property><sv:property sv:name="jcr:mandatory" sv:type="Boolean"><sv:value>false</sv:value></sv:property><sv:property sv:name="jcr:onParentVersion" sv:type="String"><sv:value>COMPUTE</sv:value></sv:property><sv:property sv:name="jcr:protected" sv:type="Boolean"><sv:value>false</sv:value></sv:property><sv:property sv:name="jcr:multiple" sv:type="Boolean"><sv:value>false</sv:value></sv:property><sv:property sv:name="jcr:requiredType" sv:type="String"><sv:value>String</sv:value></sv:property><sv:property sv:name="jcr:defaultValues" sv:type="String"/><sv:property sv:name="jcr:valueConstraints" sv:type="String"/></sv:node><sv:node sv:name="jcr:propertyDefinition"><sv:property sv:name="jcr:primaryType" sv:type="Name"><sv:value>nt:propertyDefinition</sv:value></sv:property><sv:property sv:name="jcr:mixinTypes" sv:type="Name"/><sv:property sv:name="jcr:name" sv:type="Name"><sv:value>test:ignoreOnParentVersionProp</sv:value></sv:property><sv:property sv:name="jcr:autoCreated" sv:type="Boolean"><sv:value>false</sv:value></sv:property><sv:property sv:name="jcr:mandatory" sv:type="Boolean"><sv:value>false</sv:value></sv:property><sv:property sv:name="jcr:onParentVersion" sv:type="String"><sv:value>IGNORE</sv:value></sv:property><sv:property sv:name="jcr:protected" sv:type="Boolean"><sv:value>false</sv:value></sv:property><sv:property sv:name="jcr:multiple" sv:type="Boolean"><sv:value>false</sv:value></sv:property><sv:property sv:name="jcr:requiredType" sv:type="String"><sv:value>String</sv:value></sv:property><sv:property sv:name="jcr:defaultValues" sv:type="String"/><sv:property sv:name="jcr:valueConstraints" sv:type="String"/></sv:node><sv:node sv:name="jcr:propertyDefinition"><sv:property sv:name="jcr:primaryType" sv:type="Name"><sv:value>nt:propertyDefinition</sv:value></sv:property><sv:property sv:name="jcr:mixinTypes" sv:type="Name"/><sv:property sv:name="jcr:name" sv:type="Name"><sv:value>test:abortOnParentVersionProp</sv:value></sv:property><sv:property sv:name="jcr:autoCreated" sv:type="Boolean"><sv:value>false</sv:value></sv:property><sv:property sv:name="jcr:mandatory" sv:type="Boolean"><sv:value>false</sv:value></sv:property><sv:property sv:name="jcr:onParentVersion" sv:type="String"><sv:value>ABORT</sv:value></sv:property><sv:property sv:name="jcr:protected" sv:type="Boolean"><sv:value>false</sv:value></sv:property><sv:property sv:name="jcr:multiple" sv:type="Boolean"><sv:value>false</sv:value></sv:property><sv:property sv:name="jcr:requiredType" sv:type="String"><sv:value>String</sv:value></sv:property><sv:property sv:name="jcr:defaultValues" sv:type="String"/><sv:property sv:name="jcr:valueConstraints" sv:type="String"/></sv:node><sv:node sv:name="jcr:childNodeDefinition"><sv:property sv:name="jcr:primaryType" sv:type="Name"><sv:value>nt:childNodeDefinition</sv:value></sv:property><sv:property sv:name="jcr:mixinTypes" sv:type="Name"/><sv:property sv:name="jcr:autoCreated" sv:type="Boolean"><sv:value>false</sv:value></sv:property><sv:property sv:name="jcr:mandatory" sv:type="Boolean"><sv:value>false</sv:value></sv:property><sv:property sv:name="jcr:onParentVersion" sv:type="String"><sv:value>COPY</sv:value></sv:property><sv:property sv:name="jcr:protected" sv:type="Boolean"><sv:value>false</sv:value></sv:property><sv:property sv:name="jcr:requiredPrimaryTypes" sv:type="Name"><sv:value>nt:base</sv:value></sv:property><sv:property sv:name="jcr:defaultPrimaryType" sv:type="Name"><sv:value>test:versionable</sv:value></sv:property><sv:property sv:name="jcr:sameNameSiblings" sv:type="Boolean"><sv:value>false</sv:value></sv:property></sv:node><sv:node sv:name="jcr:childNodeDefinition"><sv:property sv:name="jcr:primaryType" sv:type="Name"><sv:value>nt:childNodeDefinition</sv:value></sv:property><sv:property sv:name="jcr:mixinTypes" sv:type="Name"/><sv:property sv:name="jcr:name" sv:type="Name"><sv:value>test:copyOnParentVersion</sv:value></sv:property><sv:property sv:name="jcr:autoCreated" sv:type="Boolean"><sv:value>false</sv:value></sv:property><sv:property sv:name="jcr:mandatory" sv:type="Boolean"><sv:value>false</sv:value></sv:property><sv:property sv:name="jcr:onParentVersion" sv:type="String"><sv:value>COPY</sv:value></sv:property><sv:property sv:name="jcr:protected" sv:type="Boolean"><sv:value>false</sv:value></sv:property><sv:property sv:name="jcr:requiredPrimaryTypes" sv:type="Name"><sv:value>nt:base</sv:value></sv:property><sv:property sv:name="jcr:defaultPrimaryType" sv:type="Name"><sv:value>nt:unstructured</sv:value></sv:property><sv:property sv:name="jcr:sameNameSiblings" sv:type="Boolean"><sv:value>false</sv:value></sv:property></sv:node><sv:node sv:name="jcr:childNodeDefinition"><sv:property sv:name="jcr:primaryType" sv:type="Name"><sv:value>nt:childNodeDefinition</sv:value></sv:property><sv:property sv:name="jcr:mixinTypes" sv:type="Name"/><sv:property sv:name="jcr:name" sv:type="Name"><sv:value>test:versionOnParentVersion</sv:value></sv:property><sv:property sv:name="jcr:autoCreated" sv:type="Boolean"><sv:value>false</sv:value></sv:property><sv:property sv:name="jcr:mandatory" sv:type="Boolean"><sv:value>false</sv:value></sv:property><sv:property sv:name="jcr:onParentVersion" sv:type="String"><sv:value>VERSION</sv:value></sv:property><sv:property sv:name="jcr:protected" sv:type="Boolean"><sv:value>false</sv:value></sv:property><sv:property sv:name="jcr:requiredPrimaryTypes" sv:type="Name"><sv:value>nt:base</sv:value></sv:property><sv:property sv:name="jcr:defaultPrimaryType" sv:type="Name"><sv:value>nt:unstructured</sv:value></sv:property><sv:property sv:name="jcr:sameNameSiblings" sv:type="Boolean"><sv:value>false</sv:value></sv:property></sv:node><sv:node sv:name="jcr:childNodeDefinition"><sv:property sv:name="jcr:primaryType" sv:type="Name"><sv:value>nt:childNodeDefinition</sv:value></sv:property><sv:property sv:name="jcr:mixinTypes" sv:type="Name"/><sv:property sv:name="jcr:name" sv:type="Name"><sv:value>test:initializeOnParentVersion</sv:value></sv:property><sv:property sv:name="jcr:autoCreated" sv:type="Boolean"><sv:value>false</sv:value></sv:property><sv:property sv:name="jcr:mandatory" sv:type="Boolean"><sv:value>false</sv:value></sv:property><sv:property sv:name="jcr:onParentVersion" sv:type="String"><sv:value>INITIALIZE</sv:value></sv:property><sv:property sv:name="jcr:protected" sv:type="Boolean"><sv:value>false</sv:value></sv:property><sv:property sv:name="jcr:requiredPrimaryTypes" sv:type="Name"><sv:value>nt:base</sv:value></sv:property><sv:property sv:name="jcr:defaultPrimaryType" sv:type="Name"><sv:value>nt:unstructured</sv:value></sv:property><sv:property sv:name="jcr:sameNameSiblings" sv:type="Boolean"><sv:value>false</sv:value></sv:property></sv:node><sv:node sv:name="jcr:childNodeDefinition"><sv:property sv:name="jcr:primaryType" sv:type="Name"><sv:value>nt:childNodeDefinition</sv:value></sv:property><sv:property sv:name="jcr:mixinTypes" sv:type="Name"/><sv:property sv:name="jcr:name" sv:type="Name"><sv:value>test:computeOnParentVersion</sv:value></sv:property><sv:property sv:name="jcr:autoCreated" sv:type="Boolean"><sv:value>false</sv:value></sv:property><sv:property sv:name="jcr:mandatory" sv:type="Boolean"><sv:value>false</sv:value></sv:property><sv:property sv:name="jcr:onParentVersion" sv:type="String"><sv:value>COMPUTE</sv:value></sv:property><sv:property sv:name="jcr:protected" sv:type="Boolean"><sv:value>false</sv:value></sv:property><sv:property sv:name="jcr:requiredPrimaryTypes" sv:type="Name"><sv:value>nt:base</sv:value></sv:property><sv:property sv:name="jcr:defaultPrimaryType" sv:type="Name"><sv:value>nt:unstructured</sv:value></sv:property><sv:property sv:name="jcr:sameNameSiblings" sv:type="Boolean"><sv:value>false</sv:value></sv:property></sv:node><sv:node sv:name="jcr:childNodeDefinition"><sv:property sv:name="jcr:primaryType" sv:type="Name"><sv:value>nt:childNodeDefinition</sv:value></sv:property><sv:property sv:name="jcr:mixinTypes" sv:type="Name"/><sv:property sv:name="jcr:name" sv:type="Name"><sv:value>test:ignoreOnParentVersion</sv:value></sv:property><sv:property sv:name="jcr:autoCreated" sv:type="Boolean"><sv:value>false</sv:value></sv:property><sv:property sv:name="jcr:mandatory" sv:type="Boolean"><sv:value>false</sv:value></sv:property><sv:property sv:name="jcr:onParentVersion" sv:type="String"><sv:value>IGNORE</sv:value></sv:property><sv:property sv:name="jcr:protected" sv:type="Boolean"><sv:value>false</sv:value></sv:property><sv:property sv:name="jcr:requiredPrimaryTypes" sv:type="Name"><sv:value>nt:base</sv:value></sv:property><sv:property sv:name="jcr:defaultPrimaryType" sv:type="Name"><sv:value>nt:unstructured</sv:value></sv:property><sv:property sv:name="jcr:sameNameSiblings" sv:type="Boolean"><sv:value>false</sv:value></sv:property></sv:node><sv:node sv:name="jcr:childNodeDefinition"><sv:property sv:name="jcr:primaryType" sv:type="Name"><sv:value>nt:childNodeDefinition</sv:value></sv:property><sv:property sv:name="jcr:mixinTypes" sv:type="Name"/><sv:property sv:name="jcr:name" sv:type="Name"><sv:value>test:abortOnParentVersion</sv:value></sv:property><sv:property sv:name="jcr:autoCreated" sv:type="Boolean"><sv:value>false</sv:value></sv:property><sv:property sv:name="jcr:mandatory" sv:type="Boolean"><sv:value>false</sv:value></sv:property><sv:property sv:name="jcr:onParentVersion" sv:type="String"><sv:value>ABORT</sv:value></sv:property><sv:property sv:name="jcr:protected" sv:type="Boolean"><sv:value>false</sv:value></sv:property><sv:property sv:name="jcr:requiredPrimaryTypes" sv:type="Name"><sv:value>nt:base</sv:value></sv:property><sv:property sv:name="jcr:defaultPrimaryType" sv:type="Name"><sv:value>nt:unstructured</sv:value></sv:property><sv:property sv:name="jcr:sameNameSiblings" sv:type="Boolean"><sv:value>false</sv:value></sv:property></sv:node></sv:node><sv:node sv:name="rep:nodeTypes"><sv:property sv:name="jcr:primaryType" sv:type="Name"><sv:value>nt:nodeType</sv:value></sv:property><sv:property sv:name="jcr:mixinTypes" sv:type="Name"/><sv:property sv:name="jcr:nodeTypeName" sv:type="Name"><sv:value>rep:nodeTypes</sv:value></sv:property><sv:property sv:name="jcr:supertypes" sv:type="Name"><sv:value>nt:base</sv:value></sv:property><sv:property sv:name="jcr:isMixin" sv:type="Boolean"><sv:value>false</sv:value></sv:property><sv:property sv:name="jcr:hasOrderableChildNodes" sv:type="Boolean"><sv:value>false</sv:value></sv:property><sv:node sv:name="jcr:childNodeDefinition"><sv:property sv:name="jcr:primaryType" sv:type="Name"><sv:value>nt:childNodeDefinition</sv:value></sv:property><sv:property sv:name="jcr:mixinTypes" sv:type="Name"/><sv:property sv:name="jcr:autoCreated" sv:type="Boolean"><sv:value>false</sv:value></sv:property><sv:property sv:name="jcr:mandatory" sv:type="Boolean"><sv:value>false</sv:value></sv:property><sv:property sv:name="jcr:onParentVersion" sv:type="String"><sv:value>ABORT</sv:value></sv:property><sv:property sv:name="jcr:protected" sv:type="Boolean"><sv:value>true</sv:value></sv:property><sv:property sv:name="jcr:requiredPrimaryTypes" sv:type="Name"><sv:value>nt:nodeType</sv:value></sv:property><sv:property sv:name="jcr:defaultPrimaryType" sv:type="Name"><sv:value>nt:nodeType</sv:value></sv:property><sv:property sv:name="jcr:sameNameSiblings" sv:type="Boolean"><sv:value>false</sv:value></sv:property></sv:node></sv:node><sv:node sv:name="nt:frozenNode"><sv:property sv:name="jcr:primaryType" sv:type="Name"><sv:value>nt:nodeType</sv:value></sv:property><sv:property sv:name="jcr:mixinTypes" sv:type="Name"/><sv:property sv:name="jcr:nodeTypeName" sv:type="Name"><sv:value>nt:frozenNode</sv:value></sv:property><sv:property sv:name="jcr:supertypes" sv:type="Name"><sv:value>nt:base</sv:value><sv:value>mix:referenceable</sv:value></sv:property><sv:property sv:name="jcr:isMixin" sv:type="Boolean"><sv:value>false</sv:value></sv:property><sv:property sv:name="jcr:hasOrderableChildNodes" sv:type="Boolean"><sv:value>true</sv:value></sv:property><sv:node sv:name="jcr:propertyDefinition"><sv:property sv:name="jcr:primaryType" sv:type="Name"><sv:value>nt:propertyDefinition</sv:value></sv:property><sv:property sv:name="jcr:mixinTypes" sv:type="Name"/><sv:property sv:name="jcr:name" sv:type="Name"><sv:value>jcr:frozenPrimaryType</sv:value></sv:property><sv:property sv:name="jcr:autoCreated" sv:type="Boolean"><sv:value>true</sv:value></sv:property><sv:property sv:name="jcr:mandatory" sv:type="Boolean"><sv:value>true</sv:value></sv:property><sv:property sv:name="jcr:onParentVersion" sv:type="String"><sv:value>ABORT</sv:value></sv:property><sv:property sv:name="jcr:protected" sv:type="Boolean"><sv:value>true</sv:value></sv:property><sv:property sv:name="jcr:multiple" sv:type="Boolean"><sv:value>false</sv:value></sv:property><sv:property sv:name="jcr:requiredType" sv:type="String"><sv:value>Name</sv:value></sv:property><sv:property sv:name="jcr:defaultValues" sv:type="String"/><sv:property sv:name="jcr:valueConstraints" sv:type="String"/></sv:node><sv:node sv:name="jcr:propertyDefinition"><sv:property sv:name="jcr:primaryType" sv:type="Name"><sv:value>nt:propertyDefinition</sv:value></sv:property><sv:property sv:name="jcr:mixinTypes" sv:type="Name"/><sv:property sv:name="jcr:name" sv:type="Name"><sv:value>jcr:frozenMixinTypes</sv:value></sv:property><sv:property sv:name="jcr:autoCreated" sv:type="Boolean"><sv:value>false</sv:value></sv:property><sv:property sv:name="jcr:mandatory" sv:type="Boolean"><sv:value>false</sv:value></sv:property><sv:property sv:name="jcr:onParentVersion" sv:type="String"><sv:value>ABORT</sv:value></sv:property><sv:property sv:name="jcr:protected" sv:type="Boolean"><sv:value>true</sv:value></sv:property><sv:property sv:name="jcr:multiple" sv:type="Boolean"><sv:value>true</sv:value></sv:property><sv:property sv:name="jcr:requiredType" sv:type="String"><sv:value>Name</sv:value></sv:property><sv:property sv:name="jcr:defaultValues" sv:type="String"/><sv:property sv:name="jcr:valueConstraints" sv:type="String"/></sv:node><sv:node sv:name="jcr:propertyDefinition"><sv:property sv:name="jcr:primaryType" sv:type="Name"><sv:value>nt:propertyDefinition</sv:value></sv:property><sv:property sv:name="jcr:mixinTypes" sv:type="Name"/><sv:property sv:name="jcr:name" sv:type="Name"><sv:value>jcr:frozenUuid</sv:value></sv:property><sv:property sv:name="jcr:autoCreated" sv:type="Boolean"><sv:value>true</sv:value></sv:property><sv:property sv:name="jcr:mandatory" sv:type="Boolean"><sv:value>true</sv:value></sv:property><sv:property sv:name="jcr:onParentVersion" sv:type="String"><sv:value>ABORT</sv:value></sv:property><sv:property sv:name="jcr:protected" sv:type="Boolean"><sv:value>true</sv:value></sv:property><sv:property sv:name="jcr:multiple" sv:type="Boolean"><sv:value>false</sv:value></sv:property><sv:property sv:name="jcr:requiredType" sv:type="String"><sv:value>String</sv:value></sv:property><sv:property sv:name="jcr:defaultValues" sv:type="String"/><sv:property sv:name="jcr:valueConstraints" sv:type="String"/></sv:node><sv:node sv:name="jcr:propertyDefinition"><sv:property sv:name="jcr:primaryType" sv:type="Name"><sv:value>nt:propertyDefinition</sv:value></sv:property><sv:property sv:name="jcr:mixinTypes" sv:type="Name"/><sv:property sv:name="jcr:autoCreated" sv:type="Boolean"><sv:value>false</sv:value></sv:property><sv:property sv:name="jcr:mandatory" sv:type="Boolean"><sv:value>false</sv:value></sv:property><sv:property sv:name="jcr:onParentVersion" sv:type="String"><sv:value>ABORT</sv:value></sv:property><sv:property sv:name="jcr:protected" sv:type="Boolean"><sv:value>true</sv:value></sv:property><sv:property sv:name="jcr:multiple" sv:type="Boolean"><sv:value>false</sv:value></sv:property><sv:property sv:name="jcr:requiredType" sv:type="String"><sv:value>undefined</sv:value></sv:property><sv:property sv:name="jcr:defaultValues" sv:type="String"/><sv:property sv:name="jcr:valueConstraints" sv:type="String"/></sv:node><sv:node sv:name="jcr:propertyDefinition"><sv:property sv:name="jcr:primaryType" sv:type="Name"><sv:value>nt:propertyDefinition</sv:value></sv:property><sv:property sv:name="jcr:mixinTypes" sv:type="Name"/><sv:property sv:name="jcr:autoCreated" sv:type="Boolean"><sv:value>false</sv:value></sv:property><sv:property sv:name="jcr:mandatory" sv:type="Boolean"><sv:value>false</sv:value></sv:property><sv:property sv:name="jcr:onParentVersion" sv:type="String"><sv:value>ABORT</sv:value></sv:property><sv:property sv:name="jcr:protected" sv:type="Boolean"><sv:value>true</sv:value></sv:property><sv:property sv:name="jcr:multiple" sv:type="Boolean"><sv:value>true</sv:value></sv:property><sv:property sv:name="jcr:requiredType" sv:type="String"><sv:value>undefined</sv:value></sv:property><sv:property sv:name="jcr:defaultValues" sv:type="String"/><sv:property sv:name="jcr:valueConstraints" sv:type="String"/></sv:node><sv:node sv:name="jcr:childNodeDefinition"><sv:property sv:name="jcr:primaryType" sv:type="Name"><sv:value>nt:childNodeDefinition</sv:value></sv:property><sv:property sv:name="jcr:mixinTypes" sv:type="Name"/><sv:property sv:name="jcr:autoCreated" sv:type="Boolean"><sv:value>false</sv:value></sv:property><sv:property sv:name="jcr:mandatory" sv:type="Boolean"><sv:value>false</sv:value></sv:property><sv:property sv:name="jcr:onParentVersion" sv:type="String"><sv:value>ABORT</sv:value></sv:property><sv:property sv:name="jcr:protected" sv:type="Boolean"><sv:value>true</sv:value></sv:property><sv:property sv:name="jcr:requiredPrimaryTypes" sv:type="Name"><sv:value>nt:base</sv:value></sv:property><sv:property sv:name="jcr:sameNameSiblings" sv:type="Boolean"><sv:value>true</sv:value></sv:property></sv:node></sv:node><sv:node sv:name="nt:propertyDefinition"><sv:property sv:name="jcr:primaryType" sv:type="Name"><sv:value>nt:nodeType</sv:value></sv:property><sv:property sv:name="jcr:mixinTypes" sv:type="Name"/><sv:property sv:name="jcr:nodeTypeName" sv:type="Name"><sv:value>nt:propertyDefinition</sv:value></sv:property><sv:property sv:name="jcr:supertypes" sv:type="Name"><sv:value>nt:base</sv:value></sv:property><sv:property sv:name="jcr:isMixin" sv:type="Boolean"><sv:value>false</sv:value></sv:property><sv:property sv:name="jcr:hasOrderableChildNodes" sv:type="Boolean"><sv:value>false</sv:value></sv:property><sv:node sv:name="jcr:propertyDefinition"><sv:property sv:name="jcr:primaryType" sv:type="Name"><sv:value>nt:propertyDefinition</sv:value></sv:property><sv:property sv:name="jcr:mixinTypes" sv:type="Name"/><sv:property sv:name="jcr:name" sv:type="Name"><sv:value>jcr:name</sv:value></sv:property><sv:property sv:name="jcr:autoCreated" sv:type="Boolean"><sv:value>false</sv:value></sv:property><sv:property sv:name="jcr:mandatory" sv:type="Boolean"><sv:value>false</sv:value></sv:property><sv:property sv:name="jcr:onParentVersion" sv:type="String"><sv:value>COPY</sv:value></sv:property><sv:property sv:name="jcr:protected" sv:type="Boolean"><sv:value>false</sv:value></sv:property><sv:property sv:name="jcr:multiple" sv:type="Boolean"><sv:value>false</sv:value></sv:property><sv:property sv:name="jcr:requiredType" sv:type="String"><sv:value>Name</sv:value></sv:property><sv:property sv:name="jcr:defaultValues" sv:type="String"/><sv:property sv:name="jcr:valueConstraints" sv:type="String"/></sv:node><sv:node sv:name="jcr:propertyDefinition"><sv:property sv:name="jcr:primaryType" sv:type="Name"><sv:value>nt:propertyDefinition</sv:value></sv:property><sv:property sv:name="jcr:mixinTypes" sv:type="Name"/><sv:property sv:name="jcr:name" sv:type="Name"><sv:value>jcr:autoCreated</sv:value></sv:property><sv:property sv:name="jcr:autoCreated" sv:type="Boolean"><sv:value>false</sv:value></sv:property><sv:property sv:name="jcr:mandatory" sv:type="Boolean"><sv:value>true</sv:value></sv:property><sv:property sv:name="jcr:onParentVersion" sv:type="String"><sv:value>COPY</sv:value></sv:property><sv:property sv:name="jcr:protected" sv:type="Boolean"><sv:value>false</sv:value></sv:property><sv:property sv:name="jcr:multiple" sv:type="Boolean"><sv:value>false</sv:value></sv:property><sv:property sv:name="jcr:requiredType" sv:type="String"><sv:value>Boolean</sv:value></sv:property><sv:property sv:name="jcr:defaultValues" sv:type="String"/><sv:property sv:name="jcr:valueConstraints" sv:type="String"/></sv:node><sv:node sv:name="jcr:propertyDefinition"><sv:property sv:name="jcr:primaryType" sv:type="Name"><sv:value>nt:propertyDefinition</sv:value></sv:property><sv:property sv:name="jcr:mixinTypes" sv:type="Name"/><sv:property sv:name="jcr:name" sv:type="Name"><sv:value>jcr:mandatory</sv:value></sv:property><sv:property sv:name="jcr:autoCreated" sv:type="Boolean"><sv:value>false</sv:value></sv:property><sv:property sv:name="jcr:mandatory" sv:type="Boolean"><sv:value>true</sv:value></sv:property><sv:property sv:name="jcr:onParentVersion" sv:type="String"><sv:value>COPY</sv:value></sv:property><sv:property sv:name="jcr:protected" sv:type="Boolean"><sv:value>false</sv:value></sv:property><sv:property sv:name="jcr:multiple" sv:type="Boolean"><sv:value>false</sv:value></sv:property><sv:property sv:name="jcr:requiredType" sv:type="String"><sv:value>Boolean</sv:value></sv:property><sv:property sv:name="jcr:defaultValues" sv:type="String"/><sv:property sv:name="jcr:valueConstraints" sv:type="String"/></sv:node><sv:node sv:name="jcr:propertyDefinition"><sv:property sv:name="jcr:primaryType" sv:type="Name"><sv:value>nt:propertyDefinition</sv:value></sv:property><sv:property sv:name="jcr:mixinTypes" sv:type="Name"/><sv:property sv:name="jcr:name" sv:type="Name"><sv:value>jcr:onParentVersion</sv:value></sv:property><sv:property sv:name="jcr:autoCreated" sv:type="Boolean"><sv:value>false</sv:value></sv:property><sv:property sv:name="jcr:mandatory" sv:type="Boolean"><sv:value>true</sv:value></sv:property><sv:property sv:name="jcr:onParentVersion" sv:type="String"><sv:value>COPY</sv:value></sv:property><sv:property sv:name="jcr:protected" sv:type="Boolean"><sv:value>false</sv:value></sv:property><sv:property sv:name="jcr:multiple" sv:type="Boolean"><sv:value>false</sv:value></sv:property><sv:property sv:name="jcr:requiredType" sv:type="String"><sv:value>String</sv:value></sv:property><sv:property sv:name="jcr:defaultValues" sv:type="String"/><sv:property sv:name="jcr:valueConstraints" sv:type="String"><sv:value>COPY</sv:value><sv:value>VERSION</sv:value><sv:value>INITIALIZE</sv:value><sv:value>COMPUTE</sv:value><sv:value>IGNORE</sv:value></sv:property></sv:node><sv:node sv:name="jcr:propertyDefinition"><sv:property sv:name="jcr:primaryType" sv:type="Name"><sv:value>nt:propertyDefinition</sv:value></sv:property><sv:property sv:name="jcr:mixinTypes" sv:type="Name"/><sv:property sv:name="jcr:name" sv:type="Name"><sv:value>jcr:protected</sv:value></sv:property><sv:property sv:name="jcr:autoCreated" sv:type="Boolean"><sv:value>false</sv:value></sv:property><sv:property sv:name="jcr:mandatory" sv:type="Boolean"><sv:value>true</sv:value></sv:property><sv:property sv:name="jcr:onParentVersion" sv:type="String"><sv:value>COPY</sv:value></sv:property><sv:property sv:name="jcr:protected" sv:type="Boolean"><sv:value>false</sv:value></sv:property><sv:property sv:name="jcr:multiple" sv:type="Boolean"><sv:value>false</sv:value></sv:property><sv:property sv:name="jcr:requiredType" sv:type="String"><sv:value>Boolean</sv:value></sv:property><sv:property sv:name="jcr:defaultValues" sv:type="String"/><sv:property sv:name="jcr:valueConstraints" sv:type="String"/></sv:node><sv:node sv:name="jcr:propertyDefinition"><sv:property sv:name="jcr:primaryType" sv:type="Name"><sv:value>nt:propertyDefinition</sv:value></sv:property><sv:property sv:name="jcr:mixinTypes" sv:type="Name"/><sv:property sv:name="jcr:name" sv:type="Name"><sv:value>jcr:requiredType</sv:value></sv:property><sv:property sv:name="jcr:autoCreated" sv:type="Boolean"><sv:value>false</sv:value></sv:property><sv:property sv:name="jcr:mandatory" sv:type="Boolean"><sv:value>true</sv:value></sv:property><sv:property sv:name="jcr:onParentVersion" sv:type="String"><sv:value>COPY</sv:value></sv:property><sv:property sv:name="jcr:protected" sv:type="Boolean"><sv:value>false</sv:value></sv:property><sv:property sv:name="jcr:multiple" sv:type="Boolean"><sv:value>false</sv:value></sv:property><sv:property sv:name="jcr:requiredType" sv:type="String"><sv:value>String</sv:value></sv:property><sv:property sv:name="jcr:defaultValues" sv:type="String"/><sv:property sv:name="jcr:valueConstraints" sv:type="String"><sv:value>STRING</sv:value><sv:value>BINARY</sv:value><sv:value>LONG</sv:value><sv:value>DOUBLE</sv:value><sv:value>BOOLEAN</sv:value><sv:value>DATE</sv:value><sv:value>NAME</sv:value><sv:value>PATH</sv:value><sv:value>REFERENCE</sv:value><sv:value>UNDEFINED</sv:value></sv:property></sv:node><sv:node sv:name="jcr:propertyDefinition"><sv:property sv:name="jcr:primaryType" sv:type="Name"><sv:value>nt:propertyDefinition</sv:value></sv:property><sv:property sv:name="jcr:mixinTypes" sv:type="Name"/><sv:property sv:name="jcr:name" sv:type="Name"><sv:value>jcr:valueConstraints</sv:value></sv:property><sv:property sv:name="jcr:autoCreated" sv:type="Boolean"><sv:value>false</sv:value></sv:property><sv:property sv:name="jcr:mandatory" sv:type="Boolean"><sv:value>false</sv:value></sv:property><sv:property sv:name="jcr:onParentVersion" sv:type="String"><sv:value>COPY</sv:value></sv:property><sv:property sv:name="jcr:protected" sv:type="Boolean"><sv:value>false</sv:value></sv:property><sv:property sv:name="jcr:multiple" sv:type="Boolean"><sv:value>true</sv:value></sv:property><sv:property sv:name="jcr:requiredType" sv:type="String"><sv:value>String</sv:value></sv:property><sv:property sv:name="jcr:defaultValues" sv:type="String"/><sv:property sv:name="jcr:valueConstraints" sv:type="String"/></sv:node><sv:node sv:name="jcr:propertyDefinition"><sv:property sv:name="jcr:primaryType" sv:type="Name"><sv:value>nt:propertyDefinition</sv:value></sv:property><sv:property sv:name="jcr:mixinTypes" sv:type="Name"/><sv:property sv:name="jcr:name" sv:type="Name"><sv:value>jcr:defaultValues</sv:value></sv:property><sv:property sv:name="jcr:autoCreated" sv:type="Boolean"><sv:value>false</sv:value></sv:property><sv:property sv:name="jcr:mandatory" sv:type="Boolean"><sv:value>false</sv:value></sv:property><sv:property sv:name="jcr:onParentVersion" sv:type="String"><sv:value>COPY</sv:value></sv:property><sv:property sv:name="jcr:protected" sv:type="Boolean"><sv:value>false</sv:value></sv:property><sv:property sv:name="jcr:multiple" sv:type="Boolean"><sv:value>true</sv:value></sv:property><sv:property sv:name="jcr:requiredType" sv:type="String"><sv:value>undefined</sv:value></sv:property><sv:property sv:name="jcr:defaultValues" sv:type="String"/><sv:property sv:name="jcr:valueConstraints" sv:type="String"/></sv:node><sv:node sv:name="jcr:propertyDefinition"><sv:property sv:name="jcr:primaryType" sv:type="Name"><sv:value>nt:propertyDefinition</sv:value></sv:property><sv:property sv:name="jcr:mixinTypes" sv:type="Name"/><sv:property sv:name="jcr:name" sv:type="Name"><sv:value>jcr:multiple</sv:value></sv:property><sv:property sv:name="jcr:autoCreated" sv:type="Boolean"><sv:value>false</sv:value></sv:property><sv:property sv:name="jcr:mandatory" sv:type="Boolean"><sv:value>true</sv:value></sv:property><sv:property sv:name="jcr:onParentVersion" sv:type="String"><sv:value>COPY</sv:value></sv:property><sv:property sv:name="jcr:protected" sv:type="Boolean"><sv:value>false</sv:value></sv:property><sv:property sv:name="jcr:multiple" sv:type="Boolean"><sv:value>false</sv:value></sv:property><sv:property sv:name="jcr:requiredType" sv:type="String"><sv:value>Boolean</sv:value></sv:property><sv:property sv:name="jcr:defaultValues" sv:type="String"/><sv:property sv:name="jcr:valueConstraints" sv:type="String"/></sv:node></sv:node><sv:node sv:name="rep:versionHistory"><sv:property sv:name="jcr:primaryType" sv:type="Name"><sv:value>nt:nodeType</sv:value></sv:property><sv:property sv:name="jcr:mixinTypes" sv:type="Name"/><sv:property sv:name="jcr:nodeTypeName" sv:type="Name"><sv:value>rep:versionHistory</sv:value></sv:property><sv:property sv:name="jcr:supertypes" sv:type="Name"><sv:value>nt:unstructured</sv:value></sv:property><sv:property sv:name="jcr:isMixin" sv:type="Boolean"><sv:value>false</sv:value></sv:property><sv:property sv:name="jcr:hasOrderableChildNodes" sv:type="Boolean"><sv:value>false</sv:value></sv:property></sv:node><sv:node sv:name="nt:unstructured"><sv:property sv:name="jcr:primaryType" sv:type="Name"><sv:value>nt:nodeType</sv:value></sv:property><sv:property sv:name="jcr:mixinTypes" sv:type="Name"/><sv:property sv:name="jcr:nodeTypeName" sv:type="Name"><sv:value>nt:unstructured</sv:value></sv:property><sv:property sv:name="jcr:supertypes" sv:type="Name"><sv:value>nt:base</sv:value></sv:property><sv:property sv:name="jcr:isMixin" sv:type="Boolean"><sv:value>false</sv:value></sv:property><sv:property sv:name="jcr:hasOrderableChildNodes" sv:type="Boolean"><sv:value>true</sv:value></sv:property><sv:node sv:name="jcr:propertyDefinition"><sv:property sv:name="jcr:primaryType" sv:type="Name"><sv:value>nt:propertyDefinition</sv:value></sv:property><sv:property sv:name="jcr:mixinTypes" sv:type="Name"/><sv:property sv:name="jcr:autoCreated" sv:type="Boolean"><sv:value>false</sv:value></sv:property><sv:property sv:name="jcr:mandatory" sv:type="Boolean"><sv:value>false</sv:value></sv:property><sv:property sv:name="jcr:onParentVersion" sv:type="String"><sv:value>COPY</sv:value></sv:property><sv:property sv:name="jcr:protected" sv:type="Boolean"><sv:value>false</sv:value></sv:property><sv:property sv:name="jcr:multiple" sv:type="Boolean"><sv:value>true</sv:value></sv:property><sv:property sv:name="jcr:requiredType" sv:type="String"><sv:value>undefined</sv:value></sv:property><sv:property sv:name="jcr:defaultValues" sv:type="String"/><sv:property sv:name="jcr:valueConstraints" sv:type="String"/></sv:node><sv:node sv:name="jcr:propertyDefinition"><sv:property sv:name="jcr:primaryType" sv:type="Name"><sv:value>nt:propertyDefinition</sv:value></sv:property><sv:property sv:name="jcr:mixinTypes" sv:type="Name"/><sv:property sv:name="jcr:autoCreated" sv:type="Boolean"><sv:value>false</sv:value></sv:property><sv:property sv:name="jcr:mandatory" sv:type="Boolean"><sv:value>false</sv:value></sv:property><sv:property sv:name="jcr:onParentVersion" sv:type="String"><sv:value>COPY</sv:value></sv:property><sv:property sv:name="jcr:protected" sv:type="Boolean"><sv:value>false</sv:value></sv:property><sv:property sv:name="jcr:multiple" sv:type="Boolean"><sv:value>false</sv:value></sv:property><sv:property sv:name="jcr:requiredType" sv:type="String"><sv:value>undefined</sv:value></sv:property><sv:property sv:name="jcr:defaultValues" sv:type="String"/><sv:property sv:name="jcr:valueConstraints" sv:type="String"/></sv:node><sv:node sv:name="jcr:childNodeDefinition"><sv:property sv:name="jcr:primaryType" sv:type="Name"><sv:value>nt:childNodeDefinition</sv:value></sv:property><sv:property sv:name="jcr:mixinTypes" sv:type="Name"/><sv:property sv:name="jcr:autoCreated" sv:type="Boolean"><sv:value>false</sv:value></sv:property><sv:property sv:name="jcr:mandatory" sv:type="Boolean"><sv:value>false</sv:value></sv:property><sv:property sv:name="jcr:onParentVersion" sv:type="String"><sv:value>VERSION</sv:value></sv:property><sv:property sv:name="jcr:protected" sv:type="Boolean"><sv:value>false</sv:value></sv:property><sv:property sv:name="jcr:requiredPrimaryTypes" sv:type="Name"><sv:value>nt:base</sv:value></sv:property><sv:property sv:name="jcr:defaultPrimaryType" sv:type="Name"><sv:value>nt:unstructured</sv:value></sv:property><sv:property sv:name="jcr:sameNameSiblings" sv:type="Boolean"><sv:value>true</sv:value></sv:property></sv:node></sv:node><sv:node sv:name="nt:nodeType"><sv:property sv:name="jcr:primaryType" sv:type="Name"><sv:value>nt:nodeType</sv:value></sv:property><sv:property sv:name="jcr:mixinTypes" sv:type="Name"/><sv:property sv:name="jcr:nodeTypeName" sv:type="Name"><sv:value>nt:nodeType</sv:value></sv:property><sv:property sv:name="jcr:supertypes" sv:type="Name"><sv:value>nt:base</sv:value></sv:property><sv:property sv:name="jcr:isMixin" sv:type="Boolean"><sv:value>false</sv:value></sv:property><sv:property sv:name="jcr:hasOrderableChildNodes" sv:type="Boolean"><sv:value>false</sv:value></sv:property><sv:node sv:name="jcr:propertyDefinition"><sv:property sv:name="jcr:primaryType" sv:type="Name"><sv:value>nt:propertyDefinition</sv:value></sv:property><sv:property sv:name="jcr:mixinTypes" sv:type="Name"/><sv:property sv:name="jcr:name" sv:type="Name"><sv:value>jcr:nodeTypeName</sv:value></sv:property><sv:property sv:name="jcr:autoCreated" sv:type="Boolean"><sv:value>false</sv:value></sv:property><sv:property sv:name="jcr:mandatory" sv:type="Boolean"><sv:value>true</sv:value></sv:property><sv:property sv:name="jcr:onParentVersion" sv:type="String"><sv:value>COPY</sv:value></sv:property><sv:property sv:name="jcr:protected" sv:type="Boolean"><sv:value>false</sv:value></sv:property><sv:property sv:name="jcr:multiple" sv:type="Boolean"><sv:value>false</sv:value></sv:property><sv:property sv:name="jcr:requiredType" sv:type="String"><sv:value>Name</sv:value></sv:property><sv:property sv:name="jcr:defaultValues" sv:type="String"/><sv:property sv:name="jcr:valueConstraints" sv:type="String"/></sv:node><sv:node sv:name="jcr:propertyDefinition"><sv:property sv:name="jcr:primaryType" sv:type="Name"><sv:value>nt:propertyDefinition</sv:value></sv:property><sv:property sv:name="jcr:mixinTypes" sv:type="Name"/><sv:property sv:name="jcr:name" sv:type="Name"><sv:value>jcr:supertypes</sv:value></sv:property><sv:property sv:name="jcr:autoCreated" sv:type="Boolean"><sv:value>false</sv:value></sv:property><sv:property sv:name="jcr:mandatory" sv:type="Boolean"><sv:value>false</sv:value></sv:property><sv:property sv:name="jcr:onParentVersion" sv:type="String"><sv:value>COPY</sv:value></sv:property><sv:property sv:name="jcr:protected" sv:type="Boolean"><sv:value>false</sv:value></sv:property><sv:property sv:name="jcr:multiple" sv:type="Boolean"><sv:value>true</sv:value></sv:property><sv:property sv:name="jcr:requiredType" sv:type="String"><sv:value>Name</sv:value></sv:property><sv:property sv:name="jcr:defaultValues" sv:type="String"/><sv:property sv:name="jcr:valueConstraints" sv:type="String"/></sv:node><sv:node sv:name="jcr:propertyDefinition"><sv:property sv:name="jcr:primaryType" sv:type="Name"><sv:value>nt:propertyDefinition</sv:value></sv:property><sv:property sv:name="jcr:mixinTypes" sv:type="Name"/><sv:property sv:name="jcr:name" sv:type="Name"><sv:value>jcr:isMixin</sv:value></sv:property><sv:property sv:name="jcr:autoCreated" sv:type="Boolean"><sv:value>false</sv:value></sv:property><sv:property sv:name="jcr:mandatory" sv:type="Boolean"><sv:value>true</sv:value></sv:property><sv:property sv:name="jcr:onParentVersion" sv:type="String"><sv:value>COPY</sv:value></sv:property><sv:property sv:name="jcr:protected" sv:type="Boolean"><sv:value>false</sv:value></sv:property><sv:property sv:name="jcr:multiple" sv:type="Boolean"><sv:value>false</sv:value></sv:property><sv:property sv:name="jcr:requiredType" sv:type="String"><sv:value>Boolean</sv:value></sv:property><sv:property sv:name="jcr:defaultValues" sv:type="String"/><sv:property sv:name="jcr:valueConstraints" sv:type="String"/></sv:node><sv:node sv:name="jcr:propertyDefinition"><sv:property sv:name="jcr:primaryType" sv:type="Name"><sv:value>nt:propertyDefinition</sv:value></sv:property><sv:property sv:name="jcr:mixinTypes" sv:type="Name"/><sv:property sv:name="jcr:name" sv:type="Name"><sv:value>jcr:hasOrderableChildNodes</sv:value></sv:property><sv:property sv:name="jcr:autoCreated" sv:type="Boolean"><sv:value>false</sv:value></sv:property><sv:property sv:name="jcr:mandatory" sv:type="Boolean"><sv:value>true</sv:value></sv:property><sv:property sv:name="jcr:onParentVersion" sv:type="String"><sv:value>COPY</sv:value></sv:property><sv:property sv:name="jcr:protected" sv:type="Boolean"><sv:value>false</sv:value></sv:property><sv:property sv:name="jcr:multiple" sv:type="Boolean"><sv:value>false</sv:value></sv:property><sv:property sv:name="jcr:requiredType" sv:type="String"><sv:value>Boolean</sv:value></sv:property><sv:property sv:name="jcr:defaultValues" sv:type="String"/><sv:property sv:name="jcr:valueConstraints" sv:type="String"/></sv:node><sv:node sv:name="jcr:propertyDefinition"><sv:property sv:name="jcr:primaryType" sv:type="Name"><sv:value>nt:propertyDefinition</sv:value></sv:property><sv:property sv:name="jcr:mixinTypes" sv:type="Name"/><sv:property sv:name="jcr:name" sv:type="Name"><sv:value>jcr:primaryItemName</sv:value></sv:property><sv:property sv:name="jcr:autoCreated" sv:type="Boolean"><sv:value>false</sv:value></sv:property><sv:property sv:name="jcr:mandatory" sv:type="Boolean"><sv:value>false</sv:value></sv:property><sv:property sv:name="jcr:onParentVersion" sv:type="String"><sv:value>COPY</sv:value></sv:property><sv:property sv:name="jcr:protected" sv:type="Boolean"><sv:value>false</sv:value></sv:property><sv:property sv:name="jcr:multiple" sv:type="Boolean"><sv:value>false</sv:value></sv:property><sv:property sv:name="jcr:requiredType" sv:type="String"><sv:value>Name</sv:value></sv:property><sv:property sv:name="jcr:defaultValues" sv:type="String"/><sv:property sv:name="jcr:valueConstraints" sv:type="String"/></sv:node><sv:node sv:name="jcr:childNodeDefinition"><sv:property sv:name="jcr:primaryType" sv:type="Name"><sv:value>nt:childNodeDefinition</sv:value></sv:property><sv:property sv:name="jcr:mixinTypes" sv:type="Name"/><sv:property sv:name="jcr:name" sv:type="Name"><sv:value>jcr:propertyDefinition</sv:value></sv:property><sv:property sv:name="jcr:autoCreated" sv:type="Boolean"><sv:value>false</sv:value></sv:property><sv:property sv:name="jcr:mandatory" sv:type="Boolean"><sv:value>false</sv:value></sv:property><sv:property sv:name="jcr:onParentVersion" sv:type="String"><sv:value>VERSION</sv:value></sv:property><sv:property sv:name="jcr:protected" sv:type="Boolean"><sv:value>false</sv:value></sv:property><sv:property sv:name="jcr:requiredPrimaryTypes" sv:type="Name"><sv:value>nt:propertyDefinition</sv:value></sv:property><sv:property sv:name="jcr:defaultPrimaryType" sv:type="Name"><sv:value>nt:propertyDefinition</sv:value></sv:property><sv:property sv:name="jcr:sameNameSiblings" sv:type="Boolean"><sv:value>true</sv:value></sv:property></sv:node><sv:node sv:name="jcr:childNodeDefinition"><sv:property sv:name="jcr:primaryType" sv:type="Name"><sv:value>nt:childNodeDefinition</sv:value></sv:property><sv:property sv:name="jcr:mixinTypes" sv:type="Name"/><sv:property sv:name="jcr:name" sv:type="Name"><sv:value>jcr:childNodeDefinition</sv:value></sv:property><sv:property sv:name="jcr:autoCreated" sv:type="Boolean"><sv:value>false</sv:value></sv:property><sv:property sv:name="jcr:mandatory" sv:type="Boolean"><sv:value>false</sv:value></sv:property><sv:property sv:name="jcr:onParentVersion" sv:type="String"><sv:value>VERSION</sv:value></sv:property><sv:property sv:name="jcr:protected" sv:type="Boolean"><sv:value>false</sv:value></sv:property><sv:property sv:name="jcr:requiredPrimaryTypes" sv:type="Name"><sv:value>nt:childNodeDefinition</sv:value></sv:property><sv:property sv:name="jcr:defaultPrimaryType" sv:type="Name"><sv:value>nt:childNodeDefinition</sv:value></sv:property><sv:property sv:name="jcr:sameNameSiblings" sv:type="Boolean"><sv:value>true</sv:value></sv:property></sv:node></sv:node><sv:node sv:name="mix:lockable"><sv:property sv:name="jcr:primaryType" sv:type="Name"><sv:value>nt:nodeType</sv:value></sv:property><sv:property sv:name="jcr:mixinTypes" sv:type="Name"/><sv:property sv:name="jcr:nodeTypeName" sv:type="Name"><sv:value>mix:lockable</sv:value></sv:property><sv:property sv:name="jcr:supertypes" sv:type="Name"/><sv:property sv:name="jcr:isMixin" sv:type="Boolean"><sv:value>true</sv:value></sv:property><sv:property sv:name="jcr:hasOrderableChildNodes" sv:type="Boolean"><sv:value>false</sv:value></sv:property><sv:node sv:name="jcr:propertyDefinition"><sv:property sv:name="jcr:primaryType" sv:type="Name"><sv:value>nt:propertyDefinition</sv:value></sv:property><sv:property sv:name="jcr:mixinTypes" sv:type="Name"/><sv:property sv:name="jcr:name" sv:type="Name"><sv:value>jcr:lockOwner</sv:value></sv:property><sv:property sv:name="jcr:autoCreated" sv:type="Boolean"><sv:value>false</sv:value></sv:property><sv:property sv:name="jcr:mandatory" sv:type="Boolean"><sv:value>false</sv:value></sv:property><sv:property sv:name="jcr:onParentVersion" sv:type="String"><sv:value>IGNORE</sv:value></sv:property><sv:property sv:name="jcr:protected" sv:type="Boolean"><sv:value>true</sv:value></sv:property><sv:property sv:name="jcr:multiple" sv:type="Boolean"><sv:value>false</sv:value></sv:property><sv:property sv:name="jcr:requiredType" sv:type="String"><sv:value>String</sv:value></sv:property><sv:property sv:name="jcr:defaultValues" sv:type="String"/><sv:property sv:name="jcr:valueConstraints" sv:type="String"/></sv:node><sv:node sv:name="jcr:propertyDefinition"><sv:property sv:name="jcr:primaryType" sv:type="Name"><sv:value>nt:propertyDefinition</sv:value></sv:property><sv:property sv:name="jcr:mixinTypes" sv:type="Name"/><sv:property sv:name="jcr:name" sv:type="Name"><sv:value>jcr:lockIsDeep</sv:value></sv:property><sv:property sv:name="jcr:autoCreated" sv:type="Boolean"><sv:value>false</sv:value></sv:property><sv:property sv:name="jcr:mandatory" sv:type="Boolean"><sv:value>false</sv:value></sv:property><sv:property sv:name="jcr:onParentVersion" sv:type="String"><sv:value>IGNORE</sv:value></sv:property><sv:property sv:name="jcr:protected" sv:type="Boolean"><sv:value>true</sv:value></sv:property><sv:property sv:name="jcr:multiple" sv:type="Boolean"><sv:value>false</sv:value></sv:property><sv:property sv:name="jcr:requiredType" sv:type="String"><sv:value>Boolean</sv:value></sv:property><sv:property sv:name="jcr:defaultValues" sv:type="String"/><sv:property sv:name="jcr:valueConstraints" sv:type="String"/></sv:node></sv:node><sv:node sv:name="nt:folder"><sv:property sv:name="jcr:primaryType" sv:type="Name"><sv:value>nt:nodeType</sv:value></sv:property><sv:property sv:name="jcr:mixinTypes" sv:type="Name"/><sv:property sv:name="jcr:nodeTypeName" sv:type="Name"><sv:value>nt:folder</sv:value></sv:property><sv:property sv:name="jcr:supertypes" sv:type="Name"><sv:value>nt:hierarchyNode</sv:value></sv:property><sv:property sv:name="jcr:isMixin" sv:type="Boolean"><sv:value>false</sv:value></sv:property><sv:property sv:name="jcr:hasOrderableChildNodes" sv:type="Boolean"><sv:value>false</sv:value></sv:property><sv:node sv:name="jcr:childNodeDefinition"><sv:property sv:name="jcr:primaryType" sv:type="Name"><sv:value>nt:childNodeDefinition</sv:value></sv:property><sv:property sv:name="jcr:mixinTypes" sv:type="Name"/><sv:property sv:name="jcr:autoCreated" sv:type="Boolean"><sv:value>false</sv:value></sv:property><sv:property sv:name="jcr:mandatory" sv:type="Boolean"><sv:value>false</sv:value></sv:property><sv:property sv:name="jcr:onParentVersion" sv:type="String"><sv:value>VERSION</sv:value></sv:property><sv:property sv:name="jcr:protected" sv:type="Boolean"><sv:value>false</sv:value></sv:property><sv:property sv:name="jcr:requiredPrimaryTypes" sv:type="Name"><sv:value>nt:hierarchyNode</sv:value></sv:property><sv:property sv:name="jcr:sameNameSiblings" sv:type="Boolean"><sv:value>false</sv:value></sv:property></sv:node></sv:node></sv:node></sv:node></sv:node>